

ROUND 1 - Mr. Nice Guy (P1) vs. Bob Backstabber (P2)

Game     P1 Dec   P2 Dec   P1 Score P2 Score 
---------------------------------------------
1        C        C        3        3        
2        C        C        3        3        
3        C        C        3        3        
4        C        C        3        3        
5        C        D        1        4        
6        C        C        3        3        
7        C        C        3        3        
8        C        C        3        3        
9        C        C        3        3        
10       C        D        1        4        
11       C        C        3        3        
12       C        C        3        3        
13       C        C        3        3        
14       C        C        3        3        
15       C        D        1        4        
16       C        C        3        3        
17       C        C        3        3        
18       C        C        3        3        
19       C        C        3        3        
20       C        D        1        4        
21       C        C        3        3        
22       C        C        3        3        
23       C        C        3        3        
24       C        C        3        3        
25       C        D        1        4        
26       C        C        3        3        
27       C        C        3        3        
28       C        C        3        3        
29       C        C        3        3        
30       C        D        1        4        
31       C        C        3        3        
32       C        C        3        3        
33       C        C        3        3        
34       C        C        3        3        
35       C        D        1        4        
36       C        C        3        3        
37       C        C        3        3        
38       C        C        3        3        
39       C        C        3        3        
40       C        D        1        4        
41       C        C        3        3        
42       C        C        3        3        
43       C        C        3        3        
44       C        C        3        3        
45       C        D        1        4        
46       C        C        3        3        
47       C        C        3        3        
48       C        C        3        3        
49       C        C        3        3        
50       C        D        1        4        
51       C        C        3        3        
52       C        C        3        3        
53       C        C        3        3        
54       C        C        3        3        
55       C        D        1        4        
56       C        C        3        3        
57       C        C        3        3        
58       C        C        3        3        
59       C        C        3        3        
60       C        D        1        4        
61       C        C        3        3        
62       C        C        3        3        
63       C        C        3        3        
64       C        C        3        3        
65       C        D        1        4        
66       C        C        3        3        
67       C        C        3        3        
68       C        C        3        3        
69       C        C        3        3        
70       C        D        1        4        
71       C        C        3        3        
72       C        C        3        3        
73       C        C        3        3        
74       C        C        3        3        
75       C        D        1        4        
76       C        C        3        3        
77       C        C        3        3        
78       C        C        3        3        
79       C        C        3        3        
80       C        D        1        4        
81       C        C        3        3        
82       C        C        3        3        
83       C        C        3        3        
84       C        C        3        3        
85       C        D        1        4        
86       C        C        3        3        
87       C        C        3        3        
88       C        C        3        3        
89       C        C        3        3        
90       C        D        1        4        
91       C        C        3        3        
92       C        C        3        3        
93       C        C        3        3        
94       C        C        3        3        
95       C        D        1        4        
96       C        C        3        3        
97       C        C        3        3        
98       C        C        3        3        
99       C        C        3        3        
100      C        D        1        4        
---------------------------------------------
                           260      320      


ROUND 1 - Joe Evil (P1) vs. Bob Backstabber (P2)

Game     P1 Dec   P2 Dec   P1 Score P2 Score 
---------------------------------------------
1        D        C        4        1        
2        D        C        4        1        
3        D        C        4        1        
4        D        C        4        1        
5        D        D        2        2        
6        D        C        4        1        
7        D        C        4        1        
8        D        C        4        1        
9        D        C        4        1        
10       D        D        2        2        
11       D        C        4        1        
12       D        C        4        1        
13       D        C        4        1        
14       D        C        4        1        
15       D        D        2        2        
16       D        C        4        1        
17       D        C        4        1        
18       D        C        4        1        
19       D        C        4        1        
20       D        D        2        2        
21       D        C        4        1        
22       D        C        4        1        
23       D        C        4        1        
24       D        C        4        1        
25       D        D        2        2        
26       D        C        4        1        
27       D        C        4        1        
28       D        C        4        1        
29       D        C        4        1        
30       D        D        2        2        
31       D        C        4        1        
32       D        C        4        1        
33       D        C        4        1        
34       D        C        4        1        
35       D        D        2        2        
36       D        C        4        1        
37       D        C        4        1        
38       D        C        4        1        
39       D        C        4        1        
40       D        D        2        2        
41       D        C        4        1        
42       D        C        4        1        
43       D        C        4        1        
44       D        C        4        1        
45       D        D        2        2        
46       D        C        4        1        
47       D        C        4        1        
48       D        C        4        1        
49       D        C        4        1        
50       D        D        2        2        
51       D        C        4        1        
52       D        C        4        1        
53       D        C        4        1        
54       D        C        4        1        
55       D        D        2        2        
56       D        C        4        1        
57       D        C        4        1        
58       D        C        4        1        
59       D        C        4        1        
60       D        D        2        2        
61       D        C        4        1        
62       D        C        4        1        
63       D        C        4        1        
64       D        C        4        1        
65       D        D        2        2        
66       D        C        4        1        
67       D        C        4        1        
68       D        C        4        1        
69       D        C        4        1        
70       D        D        2        2        
71       D        C        4        1        
72       D        C        4        1        
73       D        C        4        1        
74       D        C        4        1        
75       D        D        2        2        
76       D        C        4        1        
77       D        C        4        1        
78       D        C        4        1        
79       D        C        4        1        
80       D        D        2        2        
81       D        C        4        1        
82       D        C        4        1        
83       D        C        4        1        
84       D        C        4        1        
85       D        D        2        2        
86       D        C        4        1        
87       D        C        4        1        
88       D        C        4        1        
89       D        C        4        1        
90       D        D        2        2        
91       D        C        4        1        
92       D        C        4        1        
93       D        C        4        1        
94       D        C        4        1        
95       D        D        2        2        
96       D        C        4        1        
97       D        C        4        1        
98       D        C        4        1        
99       D        C        4        1        
100      D        D        2        2        
---------------------------------------------
                           360      120      


ROUND 1 - Rupert Random (P1) vs. Bob Backstabber (P2)

Game     P1 Dec   P2 Dec   P1 Score P2 Score 
---------------------------------------------
1        D        C        4        1        
2        C        C        3        3        
3        C        C        3        3        
4        C        C        3        3        
5        D        D        2        2        
6        D        C        4        1        
7        D        C        4        1        
8        D        C        4        1        
9        C        C        3        3        
10       C        D        1        4        
11       C        C        3        3        
12       C        C        3        3        
13       D        C        4        1        
14       D        C        4        1        
15       D        D        2        2        
16       D        C        4        1        
17       C        C        3        3        
18       C        C        3        3        
19       C        C        3        3        
20       C        D        1        4        
21       D        C        4        1        
22       D        C        4        1        
23       D        C        4        1        
24       D        C        4        1        
25       C        D        1        4        
26       C        C        3        3        
27       C        C        3        3        
28       C        C        3        3        
29       D        C        4        1        
30       D        D        2        2        
31       D        C        4        1        
32       D        C        4        1        
33       C        C        3        3        
34       C        C        3        3        
35       C        D        1        4        
36       C        C        3        3        
37       D        C        4        1        
38       D        C        4        1        
39       D        C        4        1        
40       D        D        2        2        
41       C        C        3        3        
42       C        C        3        3        
43       C        C        3        3        
44       C        C        3        3        
45       D        D        2        2        
46       D        C        4        1        
47       D        C        4        1        
48       D        C        4        1        
49       C        C        3        3        
50       C        D        1        4        
51       C        C        3        3        
52       C        C        3        3        
53       D        C        4        1        
54       D        C        4        1        
55       D        D        2        2        
56       D        C        4        1        
57       C        C        3        3        
58       C        C        3        3        
59       C        C        3        3        
60       C        D        1        4        
61       D        C        4        1        
62       D        C        4        1        
63       D        C        4        1        
64       D        C        4        1        
65       C        D        1        4        
66       C        C        3        3        
67       C        C        3        3        
68       C        C        3        3        
69       D        C        4        1        
70       D        D        2        2        
71       D        C        4        1        
72       D        C        4        1        
73       C        C        3        3        
74       C        C        3        3        
75       C        D        1        4        
76       C        C        3        3        
77       D        C        4        1        
78       D        C        4        1        
79       D        C        4        1        
80       D        D        2        2        
81       C        C        3        3        
82       C        C        3        3        
83       C        C        3        3        
84       D        C        4        1        
85       D        D        2        2        
86       D        C        4        1        
87       D        C        4        1        
88       C        C        3        3        
89       C        C        3        3        
90       C        D        1        4        
91       C        C        3        3        
92       D        C        4        1        
93       D        C        4        1        
94       D        C        4        1        
95       D        D        2        2        
96       D        C        4        1        
97       C        C        3        3        
98       C        C        3        3        
99       C        C        3        3        
100      D        D        2        2        
---------------------------------------------
                           311      218      


ROUND 1 - Bob Backstabber (P1) vs. Frank Dux (P2)

Game     P1 Dec   P2 Dec   P1 Score P2 Score 
---------------------------------------------
1        C        C        3        3        
2        C        C        3        3        
3        C        C        3        3        
4        C        C        3        3        
5        D        C        4        1        
6        C        D        1        4        
7        C        C        3        3        
8        C        C        3        3        
9        C        C        3        3        
10       D        D        2        2        
11       C        D        1        4        
12       C        C        3        3        
13       C        C        3        3        
14       C        C        3        3        
15       D        C        4        1        
16       C        D        1        4        
17       C        C        3        3        
18       C        C        3        3        
19       C        C        3        3        
20       D        C        4        1        
21       C        D        1        4        
22       C        C        3        3        
23       C        C        3        3        
24       C        C        3        3        
25       D        C        4        1        
26       C        D        1        4        
27       C        C        3        3        
28       C        C        3        3        
29       C        C        3        3        
30       D        C        4        1        
31       C        D        1        4        
32       C        D        1        4        
33       C        D        1        4        
34       C        C        3        3        
35       D        C        4        1        
36       C        D        1        4        
37       C        C        3        3        
38       C        C        3        3        
39       C        C        3        3        
40       D        C        4        1        
41       C        D        1        4        
42       C        C        3        3        
43       C        C        3        3        
44       C        C        3        3        
45       D        C        4        1        
46       C        D        1        4        
47       C        C        3        3        
48       C        C        3        3        
49       C        C        3        3        
50       D        C        4        1        
51       C        D        1        4        
52       C        D        1        4        
53       C        D        1        4        
54       C        D        1        4        
55       D        C        4        1        
56       C        D        1        4        
57       C        C        3        3        
58       C        C        3        3        
59       C        C        3        3        
60       D        C        4        1        
61       C        D        1        4        
62       C        C        3        3        
63       C        C        3        3        
64       C        C        3        3        
65       D        C        4        1        
66       C        D        1        4        
67       C        C        3        3        
68       C        C        3        3        
69       C        C        3        3        
70       D        C        4        1        
71       C        D        1        4        
72       C        C        3        3        
73       C        D        1        4        
74       C        D        1        4        
75       D        D        2        2        
76       C        D        1        4        
77       C        C        3        3        
78       C        C        3        3        
79       C        C        3        3        
80       D        C        4        1        
81       C        D        1        4        
82       C        C        3        3        
83       C        C        3        3        
84       C        C        3        3        
85       D        C        4        1        
86       C        D        1        4        
87       C        C        3        3        
88       C        C        3        3        
89       C        C        3        3        
90       D        C        4        1        
91       C        D        1        4        
92       C        C        3        3        
93       C        C        3        3        
94       C        C        3        3        
95       D        D        2        2        
96       C        D        1        4        
97       C        D        1        4        
98       C        C        3        3        
99       C        C        3        3        
100      D        D        2        2        
---------------------------------------------
                           258      291      


ROUND 1 - Bob Backstabber (P1) vs. Adamo (P2)

Game     P1 Dec   P2 Dec   P1 Score P2 Score 
---------------------------------------------
1        C        D        1        4        
2        C        D        1        4        
3        C        C        3        3        
4        C        D        1        4        
5        D        C        4        1        
6        C        D        1        4        
7        C        C        3        3        
8        C        D        1        4        
9        C        C        3        3        
10       D        D        2        2        
11       C        C        3        3        
12       C        D        1        4        
13       C        C        3        3        
14       C        D        1        4        
15       D        C        4        1        
16       C        D        1        4        
17       C        C        3        3        
18       C        D        1        4        
19       C        C        3        3        
20       D        D        2        2        
21       C        C        3        3        
22       C        D        1        4        
23       C        C        3        3        
24       C        D        1        4        
25       D        C        4        1        
26       C        D        1        4        
27       C        C        3        3        
28       C        D        1        4        
29       C        C        3        3        
30       D        D        2        2        
31       C        C        3        3        
32       C        D        1        4        
33       C        C        3        3        
34       C        D        1        4        
35       D        C        4        1        
36       C        D        1        4        
37       C        C        3        3        
38       C        D        1        4        
39       C        C        3        3        
40       D        D        2        2        
41       C        C        3        3        
42       C        D        1        4        
43       C        C        3        3        
44       C        D        1        4        
45       D        C        4        1        
46       C        D        1        4        
47       C        C        3        3        
48       C        D        1        4        
49       C        C        3        3        
50       D        D        2        2        
51       C        C        3        3        
52       C        D        1        4        
53       C        C        3        3        
54       C        D        1        4        
55       D        C        4        1        
56       C        D        1        4        
57       C        C        3        3        
58       C        D        1        4        
59       C        C        3        3        
60       D        D        2        2        
61       C        C        3        3        
62       C        D        1        4        
63       C        C        3        3        
64       C        D        1        4        
65       D        C        4        1        
66       C        D        1        4        
67       C        C        3        3        
68       C        D        1        4        
69       C        C        3        3        
70       D        D        2        2        
71       C        C        3        3        
72       C        D        1        4        
73       C        C        3        3        
74       C        D        1        4        
75       D        C        4        1        
76       C        D        1        4        
77       C        C        3        3        
78       C        D        1        4        
79       C        C        3        3        
80       D        D        2        2        
81       C        C        3        3        
82       C        D        1        4        
83       C        C        3        3        
84       C        D        1        4        
85       D        C        4        1        
86       C        D        1        4        
87       C        C        3        3        
88       C        D        1        4        
89       C        C        3        3        
90       D        D        2        2        
91       C        C        3        3        
92       C        D        1        4        
93       C        C        3        3        
94       C        D        1        4        
95       D        C        4        1        
96       C        D        1        4        
97       C        C        3        3        
98       C        D        1        4        
99       C        C        3        3        
100      D        D        2        2        
---------------------------------------------
                           218      311      


ROUND 1 - Bob Backstabber (P1) vs. SAY WHAT AGAIN! (P2)

Game     P1 Dec   P2 Dec   P1 Score P2 Score 
---------------------------------------------
1        C        D        1        4        
2        C        D        1        4        
3        C        D        1        4        
4        C        D        1        4        
5        D        D        2        2        
6        C        D        1        4        
7        C        D        1        4        
8        C        D        1        4        
9        C        D        1        4        
10       D        D        2        2        
11       C        D        1        4        
12       C        D        1        4        
13       C        D        1        4        
14       C        D        1        4        
15       D        D        2        2        
16       C        D        1        4        
17       C        D        1        4        
18       C        D        1        4        
19       C        D        1        4        
20       D        D        2        2        
21       C        D        1        4        
22       C        D        1        4        
23       C        D        1        4        
24       C        D        1        4        
25       D        D        2        2        
26       C        D        1        4        
27       C        D        1        4        
28       C        D        1        4        
29       C        D        1        4        
30       D        D        2        2        
31       C        D        1        4        
32       C        D        1        4        
33       C        D        1        4        
34       C        D        1        4        
35       D        D        2        2        
36       C        D        1        4        
37       C        D        1        4        
38       C        D        1        4        
39       C        D        1        4        
40       D        D        2        2        
41       C        D        1        4        
42       C        D        1        4        
43       C        D        1        4        
44       C        D        1        4        
45       D        D        2        2        
46       C        D        1        4        
47       C        D        1        4        
48       C        D        1        4        
49       C        D        1        4        
50       D        D        2        2        
51       C        D        1        4        
52       C        D        1        4        
53       C        D        1        4        
54       C        D        1        4        
55       D        D        2        2        
56       C        D        1        4        
57       C        D        1        4        
58       C        D        1        4        
59       C        D        1        4        
60       D        D        2        2        
61       C        D        1        4        
62       C        D        1        4        
63       C        D        1        4        
64       C        D        1        4        
65       D        D        2        2        
66       C        D        1        4        
67       C        D        1        4        
68       C        D        1        4        
69       C        D        1        4        
70       D        D        2        2        
71       C        D        1        4        
72       C        D        1        4        
73       C        D        1        4        
74       C        D        1        4        
75       D        D        2        2        
76       C        D        1        4        
77       C        D        1        4        
78       C        D        1        4        
79       C        D        1        4        
80       D        D        2        2        
81       C        D        1        4        
82       C        D        1        4        
83       C        D        1        4        
84       C        D        1        4        
85       D        D        2        2        
86       C        D        1        4        
87       C        D        1        4        
88       C        D        1        4        
89       C        D        1        4        
90       D        D        2        2        
91       C        D        1        4        
92       C        D        1        4        
93       C        D        1        4        
94       C        D        1        4        
95       D        D        2        2        
96       C        D        1        4        
97       C        D        1        4        
98       C        D        1        4        
99       C        D        1        4        
100      D        D        2        2        
---------------------------------------------
                           120      360      


ROUND 1 - Bob Backstabber (P1) vs. SummaNoid 3000 (P2)

Game     P1 Dec   P2 Dec   P1 Score P2 Score 
---------------------------------------------
1        C        C        3        3        
2        C        C        3        3        
3        C        C        3        3        
4        C        C        3        3        
5        D        C        4        1        
6        C        D        1        4        
7        C        C        3        3        
8        C        C        3        3        
9        C        C        3        3        
10       D        C        4        1        
11       C        D        1        4        
12       C        C        3        3        
13       C        C        3        3        
14       C        C        3        3        
15       D        C        4        1        
16       C        D        1        4        
17       C        C        3        3        
18       C        C        3        3        
19       C        C        3        3        
20       D        C        4        1        
21       C        D        1        4        
22       C        C        3        3        
23       C        C        3        3        
24       C        C        3        3        
25       D        C        4        1        
26       C        D        1        4        
27       C        C        3        3        
28       C        C        3        3        
29       C        C        3        3        
30       D        C        4        1        
31       C        D        1        4        
32       C        C        3        3        
33       C        C        3        3        
34       C        C        3        3        
35       D        C        4        1        
36       C        D        1        4        
37       C        C        3        3        
38       C        C        3        3        
39       C        C        3        3        
40       D        C        4        1        
41       C        D        1        4        
42       C        C        3        3        
43       C        C        3        3        
44       C        C        3        3        
45       D        C        4        1        
46       C        D        1        4        
47       C        C        3        3        
48       C        C        3        3        
49       C        C        3        3        
50       D        C        4        1        
51       C        D        1        4        
52       C        C        3        3        
53       C        C        3        3        
54       C        C        3        3        
55       D        C        4        1        
56       C        D        1        4        
57       C        C        3        3        
58       C        C        3        3        
59       C        C        3        3        
60       D        C        4        1        
61       C        D        1        4        
62       C        C        3        3        
63       C        C        3        3        
64       C        C        3        3        
65       D        C        4        1        
66       C        D        1        4        
67       C        C        3        3        
68       C        C        3        3        
69       C        C        3        3        
70       D        C        4        1        
71       C        D        1        4        
72       C        C        3        3        
73       C        C        3        3        
74       C        C        3        3        
75       D        C        4        1        
76       C        D        1        4        
77       C        C        3        3        
78       C        C        3        3        
79       C        C        3        3        
80       D        C        4        1        
81       C        D        1        4        
82       C        C        3        3        
83       C        C        3        3        
84       C        C        3        3        
85       D        C        4        1        
86       C        D        1        4        
87       C        C        3        3        
88       C        C        3        3        
89       C        C        3        3        
90       D        C        4        1        
91       C        D        1        4        
92       C        C        3        3        
93       C        C        3        3        
94       C        C        3        3        
95       D        C        4        1        
96       C        D        1        4        
97       C        C        3        3        
98       C        C        3        3        
99       C        C        3        3        
100      D        C        4        1        
---------------------------------------------
                           282      279      


ROUND 1 - Bob Backstabber (P1) vs. El Santo (P2)

Game     P1 Dec   P2 Dec   P1 Score P2 Score 
---------------------------------------------
1        C        C        3        3        
2        C        D        1        4        
3        C        C        3        3        
4        C        D        1        4        
5        D        D        2        2        
6        C        D        1        4        
7        C        D        1        4        
8        C        D        1        4        
9        C        C        3        3        
10       D        D        2        2        
11       C        C        3        3        
12       C        D        1        4        
13       C        C        3        3        
14       C        D        1        4        
15       D        C        4        1        
16       C        C        3        3        
17       C        C        3        3        
18       C        D        1        4        
19       C        D        1        4        
20       D        C        4        1        
21       C        D        1        4        
22       C        C        3        3        
23       C        D        1        4        
24       C        C        3        3        
25       D        D        2        2        
26       C        C        3        3        
27       C        C        3        3        
28       C        D        1        4        
29       C        C        3        3        
30       D        D        2        2        
31       C        D        1        4        
32       C        C        3        3        
33       C        D        1        4        
34       C        C        3        3        
35       D        C        4        1        
36       C        C        3        3        
37       C        D        1        4        
38       C        D        1        4        
39       C        C        3        3        
40       D        D        2        2        
41       C        C        3        3        
42       C        D        1        4        
43       C        D        1        4        
44       C        C        3        3        
45       D        D        2        2        
46       C        C        3        3        
47       C        C        3        3        
48       C        D        1        4        
49       C        D        1        4        
50       D        C        4        1        
51       C        D        1        4        
52       C        C        3        3        
53       C        D        1        4        
54       C        C        3        3        
55       D        C        4        1        
56       C        D        1        4        
57       C        C        3        3        
58       C        D        1        4        
59       C        C        3        3        
60       D        D        2        2        
61       C        C        3        3        
62       C        D        1        4        
63       C        C        3        3        
64       C        D        1        4        
65       D        D        2        2        
66       C        C        3        3        
67       C        C        3        3        
68       C        C        3        3        
69       C        C        3        3        
70       D        C        4        1        
71       C        D        1        4        
72       C        C        3        3        
73       C        C        3        3        
74       C        C        3        3        
75       D        C        4        1        
76       C        C        3        3        
77       C        C        3        3        
78       C        D        1        4        
79       C        D        1        4        
80       D        D        2        2        
81       C        C        3        3        
82       C        D        1        4        
83       C        C        3        3        
84       C        D        1        4        
85       D        D        2        2        
86       C        D        1        4        
87       C        D        1        4        
88       C        D        1        4        
89       C        C        3        3        
90       D        C        4        1        
91       C        C        3        3        
92       C        C        3        3        
93       C        C        3        3        
94       C        D        1        4        
95       D        D        2        2        
96       C        D        1        4        
97       C        C        3        3        
98       C        C        3        3        
99       C        D        1        4        
100      D        D        2        2        
---------------------------------------------
                           222      309      


ROUND 1 - Bob Backstabber (P1) vs. SpaghettiCoder (P2)

Game     P1 Dec   P2 Dec   P1 Score P2 Score 
---------------------------------------------
1        C        D        1        4        
2        C        D        1        4        
3        C        D        1        4        
4        C        D        1        4        
5        D        D        2        2        
6        C        D        1        4        
7        C        D        1        4        
8        C        D        1        4        
9        C        D        1        4        
10       D        D        2        2        
11       C        D        1        4        
12       C        D        1        4        
13       C        D        1        4        
14       C        D        1        4        
15       D        D        2        2        
16       C        D        1        4        
17       C        D        1        4        
18       C        D        1        4        
19       C        D        1        4        
20       D        D        2        2        
21       C        D        1        4        
22       C        D        1        4        
23       C        D        1        4        
24       C        D        1        4        
25       D        D        2        2        
26       C        D        1        4        
27       C        D        1        4        
28       C        D        1        4        
29       C        D        1        4        
30       D        D        2        2        
31       C        D        1        4        
32       C        D        1        4        
33       C        D        1        4        
34       C        D        1        4        
35       D        D        2        2        
36       C        D        1        4        
37       C        D        1        4        
38       C        D        1        4        
39       C        D        1        4        
40       D        D        2        2        
41       C        D        1        4        
42       C        D        1        4        
43       C        D        1        4        
44       C        D        1        4        
45       D        D        2        2        
46       C        D        1        4        
47       C        D        1        4        
48       C        D        1        4        
49       C        D        1        4        
50       D        D        2        2        
51       C        D        1        4        
52       C        D        1        4        
53       C        D        1        4        
54       C        D        1        4        
55       D        D        2        2        
56       C        D        1        4        
57       C        D        1        4        
58       C        D        1        4        
59       C        D        1        4        
60       D        D        2        2        
61       C        D        1        4        
62       C        D        1        4        
63       C        D        1        4        
64       C        D        1        4        
65       D        D        2        2        
66       C        D        1        4        
67       C        D        1        4        
68       C        D        1        4        
69       C        D        1        4        
70       D        D        2        2        
71       C        D        1        4        
72       C        D        1        4        
73       C        D        1        4        
74       C        D        1        4        
75       D        D        2        2        
76       C        D        1        4        
77       C        D        1        4        
78       C        D        1        4        
79       C        D        1        4        
80       D        D        2        2        
81       C        D        1        4        
82       C        D        1        4        
83       C        D        1        4        
84       C        D        1        4        
85       D        D        2        2        
86       C        D        1        4        
87       C        D        1        4        
88       C        D        1        4        
89       C        D        1        4        
90       D        D        2        2        
91       C        D        1        4        
92       C        D        1        4        
93       C        D        1        4        
94       C        D        1        4        
95       D        D        2        2        
96       C        D        1        4        
97       C        D        1        4        
98       C        D        1        4        
99       C        D        1        4        
100      D        D        2        2        
---------------------------------------------
                           120      360      


ROUND 1 - Bob Backstabber (P1) vs. Sharbaugh (P2)

Game     P1 Dec   P2 Dec   P1 Score P2 Score 
---------------------------------------------
1        C        D        1        4        
2        C        D        1        4        
3        C        D        1        4        
4        C        D        1        4        
5        D        D        2        2        
6        C        D        1        4        
7        C        D        1        4        
8        C        D        1        4        
9        C        D        1        4        
10       D        D        2        2        
11       C        C        3        3        
12       C        C        3        3        
13       C        C        3        3        
14       C        C        3        3        
15       D        C        4        1        
16       C        C        3        3        
17       C        C        3        3        
18       C        C        3        3        
19       C        C        3        3        
20       D        C        4        1        
21       C        D        1        4        
22       C        D        1        4        
23       C        D        1        4        
24       C        D        1        4        
25       D        D        2        2        
26       C        D        1        4        
27       C        D        1        4        
28       C        D        1        4        
29       C        D        1        4        
30       D        D        2        2        
31       C        D        1        4        
32       C        D        1        4        
33       C        D        1        4        
34       C        D        1        4        
35       D        D        2        2        
36       C        D        1        4        
37       C        D        1        4        
38       C        D        1        4        
39       C        D        1        4        
40       D        D        2        2        
41       C        D        1        4        
42       C        D        1        4        
43       C        D        1        4        
44       C        D        1        4        
45       D        D        2        2        
46       C        D        1        4        
47       C        D        1        4        
48       C        D        1        4        
49       C        D        1        4        
50       D        D        2        2        
51       C        D        1        4        
52       C        D        1        4        
53       C        D        1        4        
54       C        D        1        4        
55       D        D        2        2        
56       C        D        1        4        
57       C        D        1        4        
58       C        D        1        4        
59       C        D        1        4        
60       D        D        2        2        
61       C        D        1        4        
62       C        D        1        4        
63       C        D        1        4        
64       C        D        1        4        
65       D        D        2        2        
66       C        D        1        4        
67       C        D        1        4        
68       C        D        1        4        
69       C        D        1        4        
70       D        D        2        2        
71       C        D        1        4        
72       C        D        1        4        
73       C        D        1        4        
74       C        D        1        4        
75       D        D        2        2        
76       C        D        1        4        
77       C        D        1        4        
78       C        D        1        4        
79       C        D        1        4        
80       D        D        2        2        
81       C        D        1        4        
82       C        D        1        4        
83       C        D        1        4        
84       C        D        1        4        
85       D        D        2        2        
86       C        D        1        4        
87       C        D        1        4        
88       C        D        1        4        
89       C        D        1        4        
90       D        D        2        2        
91       C        D        1        4        
92       C        D        1        4        
93       C        D        1        4        
94       C        D        1        4        
95       D        D        2        2        
96       C        D        1        4        
97       C        D        1        4        
98       C        D        1        4        
99       C        D        1        4        
100      D        D        2        2        
---------------------------------------------
                           140      350      
