

ROUND 1 - Mr. Nice Guy (P1) vs. Frank Dux (P2)

Game     P1 Dec   P2 Dec   P1 Score P2 Score 
---------------------------------------------
1        C        C        3        3        
2        C        D        1        4        
3        C        C        3        3        
4        C        C        3        3        
5        C        C        3        3        
6        C        C        3        3        
7        C        C        3        3        
8        C        D        1        4        
9        C        C        3        3        
10       C        C        3        3        
11       C        C        3        3        
12       C        C        3        3        
13       C        C        3        3        
14       C        C        3        3        
15       C        D        1        4        
16       C        C        3        3        
17       C        C        3        3        
18       C        C        3        3        
19       C        C        3        3        
20       C        C        3        3        
21       C        D        1        4        
22       C        C        3        3        
23       C        C        3        3        
24       C        C        3        3        
25       C        C        3        3        
26       C        C        3        3        
27       C        C        3        3        
28       C        C        3        3        
29       C        C        3        3        
30       C        C        3        3        
31       C        C        3        3        
32       C        C        3        3        
33       C        C        3        3        
34       C        D        1        4        
35       C        C        3        3        
36       C        C        3        3        
37       C        C        3        3        
38       C        C        3        3        
39       C        C        3        3        
40       C        C        3        3        
41       C        D        1        4        
42       C        C        3        3        
43       C        C        3        3        
44       C        C        3        3        
45       C        C        3        3        
46       C        C        3        3        
47       C        C        3        3        
48       C        D        1        4        
49       C        C        3        3        
50       C        C        3        3        
51       C        C        3        3        
52       C        C        3        3        
53       C        C        3        3        
54       C        C        3        3        
55       C        D        1        4        
56       C        C        3        3        
57       C        C        3        3        
58       C        C        3        3        
59       C        C        3        3        
60       C        C        3        3        
61       C        C        3        3        
62       C        D        1        4        
63       C        C        3        3        
64       C        C        3        3        
65       C        C        3        3        
66       C        C        3        3        
67       C        C        3        3        
68       C        C        3        3        
69       C        C        3        3        
70       C        C        3        3        
71       C        C        3        3        
72       C        C        3        3        
73       C        C        3        3        
74       C        C        3        3        
75       C        C        3        3        
76       C        D        1        4        
77       C        C        3        3        
78       C        C        3        3        
79       C        C        3        3        
80       C        C        3        3        
81       C        C        3        3        
82       C        C        3        3        
83       C        D        1        4        
84       C        C        3        3        
85       C        C        3        3        
86       C        C        3        3        
87       C        C        3        3        
88       C        C        3        3        
89       C        C        3        3        
90       C        D        1        4        
91       C        C        3        3        
92       C        C        3        3        
93       C        C        3        3        
94       C        C        3        3        
95       C        C        3        3        
96       C        C        3        3        
97       C        D        1        4        
98       C        C        3        3        
99       C        C        3        3        
100      C        D        1        4        
---------------------------------------------
                           272      314      


ROUND 1 - Joe Evil (P1) vs. Frank Dux (P2)

Game     P1 Dec   P2 Dec   P1 Score P2 Score 
---------------------------------------------
1        D        C        4        1        
2        D        D        2        2        
3        D        D        2        2        
4        D        D        2        2        
5        D        D        2        2        
6        D        D        2        2        
7        D        D        2        2        
8        D        D        2        2        
9        D        D        2        2        
10       D        D        2        2        
11       D        D        2        2        
12       D        D        2        2        
13       D        D        2        2        
14       D        D        2        2        
15       D        D        2        2        
16       D        D        2        2        
17       D        D        2        2        
18       D        D        2        2        
19       D        D        2        2        
20       D        D        2        2        
21       D        D        2        2        
22       D        D        2        2        
23       D        D        2        2        
24       D        D        2        2        
25       D        D        2        2        
26       D        D        2        2        
27       D        D        2        2        
28       D        D        2        2        
29       D        D        2        2        
30       D        D        2        2        
31       D        D        2        2        
32       D        D        2        2        
33       D        D        2        2        
34       D        D        2        2        
35       D        D        2        2        
36       D        D        2        2        
37       D        D        2        2        
38       D        D        2        2        
39       D        D        2        2        
40       D        D        2        2        
41       D        D        2        2        
42       D        D        2        2        
43       D        D        2        2        
44       D        D        2        2        
45       D        D        2        2        
46       D        D        2        2        
47       D        D        2        2        
48       D        D        2        2        
49       D        D        2        2        
50       D        D        2        2        
51       D        D        2        2        
52       D        D        2        2        
53       D        D        2        2        
54       D        D        2        2        
55       D        D        2        2        
56       D        D        2        2        
57       D        D        2        2        
58       D        D        2        2        
59       D        D        2        2        
60       D        D        2        2        
61       D        D        2        2        
62       D        D        2        2        
63       D        D        2        2        
64       D        D        2        2        
65       D        D        2        2        
66       D        D        2        2        
67       D        D        2        2        
68       D        D        2        2        
69       D        D        2        2        
70       D        D        2        2        
71       D        D        2        2        
72       D        D        2        2        
73       D        D        2        2        
74       D        D        2        2        
75       D        D        2        2        
76       D        D        2        2        
77       D        D        2        2        
78       D        D        2        2        
79       D        D        2        2        
80       D        D        2        2        
81       D        D        2        2        
82       D        D        2        2        
83       D        D        2        2        
84       D        D        2        2        
85       D        D        2        2        
86       D        D        2        2        
87       D        D        2        2        
88       D        D        2        2        
89       D        D        2        2        
90       D        D        2        2        
91       D        D        2        2        
92       D        D        2        2        
93       D        D        2        2        
94       D        D        2        2        
95       D        D        2        2        
96       D        D        2        2        
97       D        D        2        2        
98       D        D        2        2        
99       D        D        2        2        
100      D        D        2        2        
---------------------------------------------
                           202      199      


ROUND 1 - Rupert Random (P1) vs. Frank Dux (P2)

Game     P1 Dec   P2 Dec   P1 Score P2 Score 
---------------------------------------------
1        C        C        3        3        
2        C        C        3        3        
3        C        C        3        3        
4        C        C        3        3        
5        D        C        4        1        
6        D        D        2        2        
7        D        D        2        2        
8        C        D        1        4        
9        C        C        3        3        
10       C        C        3        3        
11       C        C        3        3        
12       D        C        4        1        
13       D        D        2        2        
14       D        D        2        2        
15       D        D        2        2        
16       C        D        1        4        
17       C        D        1        4        
18       C        D        1        4        
19       C        D        1        4        
20       D        C        4        1        
21       D        D        2        2        
22       D        D        2        2        
23       C        D        1        4        
24       C        C        3        3        
25       C        C        3        3        
26       C        C        3        3        
27       D        C        4        1        
28       D        D        2        2        
29       D        D        2        2        
30       C        D        1        4        
31       C        C        3        3        
32       C        C        3        3        
33       C        C        3        3        
34       D        C        4        1        
35       D        D        2        2        
36       D        D        2        2        
37       C        D        1        4        
38       C        C        3        3        
39       C        C        3        3        
40       C        C        3        3        
41       D        C        4        1        
42       D        D        2        2        
43       D        D        2        2        
44       C        D        1        4        
45       C        D        1        4        
46       C        D        1        4        
47       C        D        1        4        
48       D        C        4        1        
49       D        D        2        2        
50       D        D        2        2        
51       D        D        2        2        
52       C        D        1        4        
53       C        C        3        3        
54       C        C        3        3        
55       D        C        4        1        
56       D        D        2        2        
57       D        D        2        2        
58       D        D        2        2        
59       C        D        1        4        
60       C        C        3        3        
61       C        C        3        3        
62       C        C        3        3        
63       D        C        4        1        
64       D        D        2        2        
65       D        D        2        2        
66       C        D        1        4        
67       C        C        3        3        
68       C        C        3        3        
69       C        C        3        3        
70       D        C        4        1        
71       D        D        2        2        
72       D        D        2        2        
73       D        D        2        2        
74       C        D        1        4        
75       C        D        1        4        
76       C        D        1        4        
77       C        C        3        3        
78       D        C        4        1        
79       D        D        2        2        
80       D        D        2        2        
81       C        D        1        4        
82       C        C        3        3        
83       C        C        3        3        
84       C        C        3        3        
85       D        C        4        1        
86       D        D        2        2        
87       D        D        2        2        
88       D        D        2        2        
89       C        D        1        4        
90       C        C        3        3        
91       C        C        3        3        
92       C        C        3        3        
93       D        C        4        1        
94       D        D        2        2        
95       D        D        2        2        
96       C        D        1        4        
97       C        C        3        3        
98       C        C        3        3        
99       C        C        3        3        
100      D        D        2        2        
---------------------------------------------
                           239      263      


ROUND 1 - Bob Backstabber (P1) vs. Frank Dux (P2)

Game     P1 Dec   P2 Dec   P1 Score P2 Score 
---------------------------------------------
1        C        C        3        3        
2        C        C        3        3        
3        C        C        3        3        
4        C        C        3        3        
5        D        C        4        1        
6        C        D        1        4        
7        C        C        3        3        
8        C        C        3        3        
9        C        C        3        3        
10       D        D        2        2        
11       C        D        1        4        
12       C        C        3        3        
13       C        C        3        3        
14       C        C        3        3        
15       D        C        4        1        
16       C        D        1        4        
17       C        C        3        3        
18       C        C        3        3        
19       C        C        3        3        
20       D        C        4        1        
21       C        D        1        4        
22       C        C        3        3        
23       C        C        3        3        
24       C        C        3        3        
25       D        C        4        1        
26       C        D        1        4        
27       C        C        3        3        
28       C        C        3        3        
29       C        C        3        3        
30       D        C        4        1        
31       C        D        1        4        
32       C        D        1        4        
33       C        D        1        4        
34       C        C        3        3        
35       D        C        4        1        
36       C        D        1        4        
37       C        C        3        3        
38       C        C        3        3        
39       C        C        3        3        
40       D        C        4        1        
41       C        D        1        4        
42       C        C        3        3        
43       C        C        3        3        
44       C        C        3        3        
45       D        C        4        1        
46       C        D        1        4        
47       C        C        3        3        
48       C        C        3        3        
49       C        C        3        3        
50       D        C        4        1        
51       C        D        1        4        
52       C        D        1        4        
53       C        D        1        4        
54       C        D        1        4        
55       D        C        4        1        
56       C        D        1        4        
57       C        C        3        3        
58       C        C        3        3        
59       C        C        3        3        
60       D        C        4        1        
61       C        D        1        4        
62       C        C        3        3        
63       C        C        3        3        
64       C        C        3        3        
65       D        C        4        1        
66       C        D        1        4        
67       C        C        3        3        
68       C        C        3        3        
69       C        C        3        3        
70       D        C        4        1        
71       C        D        1        4        
72       C        C        3        3        
73       C        D        1        4        
74       C        D        1        4        
75       D        D        2        2        
76       C        D        1        4        
77       C        C        3        3        
78       C        C        3        3        
79       C        C        3        3        
80       D        C        4        1        
81       C        D        1        4        
82       C        C        3        3        
83       C        C        3        3        
84       C        C        3        3        
85       D        C        4        1        
86       C        D        1        4        
87       C        C        3        3        
88       C        C        3        3        
89       C        C        3        3        
90       D        C        4        1        
91       C        D        1        4        
92       C        C        3        3        
93       C        C        3        3        
94       C        C        3        3        
95       D        D        2        2        
96       C        D        1        4        
97       C        D        1        4        
98       C        C        3        3        
99       C        C        3        3        
100      D        D        2        2        
---------------------------------------------
                           258      291      


ROUND 1 - Frank Dux (P1) vs. Adamo (P2)

Game     P1 Dec   P2 Dec   P1 Score P2 Score 
---------------------------------------------
1        C        D        1        4        
2        D        D        2        2        
3        D        D        2        2        
4        D        D        2        2        
5        D        D        2        2        
6        D        D        2        2        
7        D        D        2        2        
8        D        D        2        2        
9        D        D        2        2        
10       D        D        2        2        
11       D        D        2        2        
12       D        D        2        2        
13       D        D        2        2        
14       D        D        2        2        
15       D        D        2        2        
16       D        D        2        2        
17       D        D        2        2        
18       D        D        2        2        
19       D        D        2        2        
20       D        D        2        2        
21       D        D        2        2        
22       D        D        2        2        
23       D        D        2        2        
24       D        D        2        2        
25       D        D        2        2        
26       D        D        2        2        
27       D        D        2        2        
28       D        D        2        2        
29       D        D        2        2        
30       D        D        2        2        
31       D        D        2        2        
32       D        D        2        2        
33       D        D        2        2        
34       D        D        2        2        
35       D        D        2        2        
36       D        D        2        2        
37       D        D        2        2        
38       D        D        2        2        
39       D        D        2        2        
40       D        D        2        2        
41       D        D        2        2        
42       D        D        2        2        
43       D        D        2        2        
44       D        D        2        2        
45       D        D        2        2        
46       D        D        2        2        
47       D        D        2        2        
48       D        D        2        2        
49       D        D        2        2        
50       D        D        2        2        
51       D        D        2        2        
52       D        D        2        2        
53       D        D        2        2        
54       D        D        2        2        
55       D        D        2        2        
56       D        D        2        2        
57       D        D        2        2        
58       D        D        2        2        
59       D        D        2        2        
60       D        D        2        2        
61       D        D        2        2        
62       D        D        2        2        
63       D        D        2        2        
64       D        D        2        2        
65       D        D        2        2        
66       D        D        2        2        
67       D        D        2        2        
68       D        D        2        2        
69       D        D        2        2        
70       D        D        2        2        
71       D        D        2        2        
72       D        D        2        2        
73       D        D        2        2        
74       D        D        2        2        
75       D        D        2        2        
76       D        D        2        2        
77       D        D        2        2        
78       D        D        2        2        
79       D        D        2        2        
80       D        D        2        2        
81       D        D        2        2        
82       D        D        2        2        
83       D        D        2        2        
84       D        D        2        2        
85       D        D        2        2        
86       D        D        2        2        
87       D        D        2        2        
88       D        D        2        2        
89       D        D        2        2        
90       D        D        2        2        
91       D        D        2        2        
92       D        D        2        2        
93       D        D        2        2        
94       D        D        2        2        
95       D        D        2        2        
96       D        D        2        2        
97       D        D        2        2        
98       D        D        2        2        
99       D        D        2        2        
100      D        D        2        2        
---------------------------------------------
                           199      202      


ROUND 1 - Frank Dux (P1) vs. SAY WHAT AGAIN! (P2)

Game     P1 Dec   P2 Dec   P1 Score P2 Score 
---------------------------------------------
1        C        D        1        4        
2        D        D        2        2        
3        D        D        2        2        
4        D        D        2        2        
5        D        D        2        2        
6        D        D        2        2        
7        D        D        2        2        
8        D        D        2        2        
9        D        D        2        2        
10       D        D        2        2        
11       D        D        2        2        
12       D        D        2        2        
13       D        D        2        2        
14       D        D        2        2        
15       D        D        2        2        
16       D        D        2        2        
17       D        D        2        2        
18       D        D        2        2        
19       D        D        2        2        
20       D        D        2        2        
21       D        D        2        2        
22       D        D        2        2        
23       D        D        2        2        
24       D        D        2        2        
25       D        D        2        2        
26       D        D        2        2        
27       D        D        2        2        
28       D        D        2        2        
29       D        D        2        2        
30       D        D        2        2        
31       D        D        2        2        
32       D        D        2        2        
33       D        D        2        2        
34       D        D        2        2        
35       D        D        2        2        
36       D        D        2        2        
37       D        D        2        2        
38       D        D        2        2        
39       D        D        2        2        
40       D        D        2        2        
41       D        D        2        2        
42       D        D        2        2        
43       D        D        2        2        
44       D        D        2        2        
45       D        D        2        2        
46       D        D        2        2        
47       D        D        2        2        
48       D        D        2        2        
49       D        D        2        2        
50       D        D        2        2        
51       D        D        2        2        
52       D        D        2        2        
53       D        D        2        2        
54       D        D        2        2        
55       D        D        2        2        
56       D        D        2        2        
57       D        D        2        2        
58       D        D        2        2        
59       D        D        2        2        
60       D        D        2        2        
61       D        D        2        2        
62       D        D        2        2        
63       D        D        2        2        
64       D        D        2        2        
65       D        D        2        2        
66       D        D        2        2        
67       D        D        2        2        
68       D        D        2        2        
69       D        D        2        2        
70       D        D        2        2        
71       D        D        2        2        
72       D        D        2        2        
73       D        D        2        2        
74       D        D        2        2        
75       D        D        2        2        
76       D        D        2        2        
77       D        D        2        2        
78       D        D        2        2        
79       D        D        2        2        
80       D        D        2        2        
81       D        D        2        2        
82       D        D        2        2        
83       D        D        2        2        
84       D        D        2        2        
85       D        D        2        2        
86       D        D        2        2        
87       D        D        2        2        
88       D        D        2        2        
89       D        D        2        2        
90       D        D        2        2        
91       D        D        2        2        
92       D        D        2        2        
93       D        D        2        2        
94       D        D        2        2        
95       D        D        2        2        
96       D        D        2        2        
97       D        D        2        2        
98       D        D        2        2        
99       D        D        2        2        
100      D        D        2        2        
---------------------------------------------
                           199      202      


ROUND 1 - Frank Dux (P1) vs. SummaNoid 3000 (P2)

Game     P1 Dec   P2 Dec   P1 Score P2 Score 
---------------------------------------------
1        C        C        3        3        
2        C        C        3        3        
3        C        C        3        3        
4        C        C        3        3        
5        C        C        3        3        
6        C        C        3        3        
7        C        C        3        3        
8        C        C        3        3        
9        C        C        3        3        
10       C        C        3        3        
11       C        C        3        3        
12       C        C        3        3        
13       C        C        3        3        
14       C        C        3        3        
15       C        C        3        3        
16       C        C        3        3        
17       C        C        3        3        
18       C        C        3        3        
19       C        C        3        3        
20       C        C        3        3        
21       C        C        3        3        
22       C        C        3        3        
23       D        C        4        1        
24       D        D        2        2        
25       D        D        2        2        
26       D        D        2        2        
27       D        D        2        2        
28       D        D        2        2        
29       D        D        2        2        
30       D        D        2        2        
31       D        D        2        2        
32       D        D        2        2        
33       D        D        2        2        
34       D        D        2        2        
35       D        D        2        2        
36       D        D        2        2        
37       D        D        2        2        
38       D        D        2        2        
39       D        D        2        2        
40       D        D        2        2        
41       D        D        2        2        
42       D        D        2        2        
43       D        D        2        2        
44       D        D        2        2        
45       D        D        2        2        
46       D        D        2        2        
47       D        D        2        2        
48       D        D        2        2        
49       D        D        2        2        
50       D        D        2        2        
51       D        D        2        2        
52       D        D        2        2        
53       D        D        2        2        
54       D        D        2        2        
55       D        D        2        2        
56       D        D        2        2        
57       D        D        2        2        
58       D        D        2        2        
59       D        D        2        2        
60       D        D        2        2        
61       D        D        2        2        
62       D        D        2        2        
63       D        D        2        2        
64       D        D        2        2        
65       D        D        2        2        
66       D        D        2        2        
67       D        D        2        2        
68       D        D        2        2        
69       D        D        2        2        
70       D        D        2        2        
71       D        D        2        2        
72       D        D        2        2        
73       D        D        2        2        
74       D        D        2        2        
75       D        D        2        2        
76       D        D        2        2        
77       D        D        2        2        
78       D        D        2        2        
79       D        D        2        2        
80       D        D        2        2        
81       D        D        2        2        
82       D        D        2        2        
83       D        D        2        2        
84       D        D        2        2        
85       D        D        2        2        
86       D        D        2        2        
87       D        D        2        2        
88       D        D        2        2        
89       D        D        2        2        
90       D        D        2        2        
91       D        D        2        2        
92       D        D        2        2        
93       D        D        2        2        
94       D        D        2        2        
95       D        D        2        2        
96       D        D        2        2        
97       D        D        2        2        
98       D        D        2        2        
99       D        D        2        2        
100      D        D        2        2        
---------------------------------------------
                           224      221      


ROUND 1 - Frank Dux (P1) vs. El Santo (P2)

Game     P1 Dec   P2 Dec   P1 Score P2 Score 
---------------------------------------------
1        C        C        3        3        
2        C        C        3        3        
3        C        C        3        3        
4        C        C        3        3        
5        C        D        1        4        
6        D        C        4        1        
7        C        D        1        4        
8        D        D        2        2        
9        D        C        4        1        
10       C        C        3        3        
11       C        D        1        4        
12       D        D        2        2        
13       D        D        2        2        
14       D        D        2        2        
15       D        D        2        2        
16       D        D        2        2        
17       D        D        2        2        
18       D        D        2        2        
19       D        D        2        2        
20       D        D        2        2        
21       D        D        2        2        
22       D        D        2        2        
23       D        D        2        2        
24       D        D        2        2        
25       D        D        2        2        
26       D        D        2        2        
27       D        D        2        2        
28       D        D        2        2        
29       D        D        2        2        
30       D        D        2        2        
31       D        D        2        2        
32       D        D        2        2        
33       D        D        2        2        
34       D        D        2        2        
35       D        D        2        2        
36       D        D        2        2        
37       D        D        2        2        
38       D        D        2        2        
39       D        D        2        2        
40       D        D        2        2        
41       D        D        2        2        
42       D        D        2        2        
43       D        D        2        2        
44       D        D        2        2        
45       D        D        2        2        
46       D        D        2        2        
47       D        D        2        2        
48       D        D        2        2        
49       D        D        2        2        
50       D        D        2        2        
51       D        D        2        2        
52       D        D        2        2        
53       D        D        2        2        
54       D        D        2        2        
55       D        D        2        2        
56       D        D        2        2        
57       D        D        2        2        
58       D        D        2        2        
59       D        D        2        2        
60       D        D        2        2        
61       D        D        2        2        
62       D        D        2        2        
63       D        D        2        2        
64       D        D        2        2        
65       D        D        2        2        
66       D        D        2        2        
67       D        D        2        2        
68       D        D        2        2        
69       D        D        2        2        
70       D        D        2        2        
71       D        D        2        2        
72       D        D        2        2        
73       D        D        2        2        
74       D        D        2        2        
75       D        D        2        2        
76       D        D        2        2        
77       D        D        2        2        
78       D        D        2        2        
79       D        D        2        2        
80       D        D        2        2        
81       D        D        2        2        
82       D        D        2        2        
83       D        D        2        2        
84       D        D        2        2        
85       D        D        2        2        
86       D        D        2        2        
87       D        D        2        2        
88       D        D        2        2        
89       D        D        2        2        
90       D        D        2        2        
91       D        D        2        2        
92       D        D        2        2        
93       D        D        2        2        
94       D        D        2        2        
95       D        D        2        2        
96       D        D        2        2        
97       D        D        2        2        
98       D        D        2        2        
99       D        D        2        2        
100      D        D        2        2        
---------------------------------------------
                           206      209      


ROUND 1 - Frank Dux (P1) vs. SpaghettiCoder (P2)

Game     P1 Dec   P2 Dec   P1 Score P2 Score 
---------------------------------------------
1        C        D        1        4        
2        D        D        2        2        
3        D        D        2        2        
4        D        D        2        2        
5        D        D        2        2        
6        D        D        2        2        
7        D        D        2        2        
8        D        D        2        2        
9        D        D        2        2        
10       D        D        2        2        
11       D        D        2        2        
12       D        D        2        2        
13       D        D        2        2        
14       D        D        2        2        
15       D        D        2        2        
16       D        D        2        2        
17       D        D        2        2        
18       D        D        2        2        
19       D        D        2        2        
20       D        D        2        2        
21       D        D        2        2        
22       D        D        2        2        
23       D        D        2        2        
24       D        D        2        2        
25       D        D        2        2        
26       D        D        2        2        
27       D        D        2        2        
28       D        D        2        2        
29       D        D        2        2        
30       D        D        2        2        
31       D        D        2        2        
32       D        D        2        2        
33       D        D        2        2        
34       D        D        2        2        
35       D        D        2        2        
36       D        D        2        2        
37       D        D        2        2        
38       D        D        2        2        
39       D        D        2        2        
40       D        D        2        2        
41       D        D        2        2        
42       D        D        2        2        
43       D        D        2        2        
44       D        D        2        2        
45       D        D        2        2        
46       D        D        2        2        
47       D        D        2        2        
48       D        D        2        2        
49       D        D        2        2        
50       D        D        2        2        
51       D        D        2        2        
52       D        D        2        2        
53       D        D        2        2        
54       D        D        2        2        
55       D        D        2        2        
56       D        D        2        2        
57       D        D        2        2        
58       D        D        2        2        
59       D        D        2        2        
60       D        D        2        2        
61       D        D        2        2        
62       D        D        2        2        
63       D        D        2        2        
64       D        D        2        2        
65       D        D        2        2        
66       D        D        2        2        
67       D        D        2        2        
68       D        D        2        2        
69       D        D        2        2        
70       D        D        2        2        
71       D        D        2        2        
72       D        D        2        2        
73       D        D        2        2        
74       D        D        2        2        
75       D        D        2        2        
76       D        D        2        2        
77       D        D        2        2        
78       D        D        2        2        
79       D        D        2        2        
80       D        D        2        2        
81       D        D        2        2        
82       D        D        2        2        
83       D        D        2        2        
84       D        D        2        2        
85       D        D        2        2        
86       D        D        2        2        
87       D        D        2        2        
88       D        D        2        2        
89       D        D        2        2        
90       D        D        2        2        
91       D        D        2        2        
92       D        D        2        2        
93       D        D        2        2        
94       D        D        2        2        
95       D        D        2        2        
96       D        D        2        2        
97       D        D        2        2        
98       D        D        2        2        
99       D        D        2        2        
100      D        D        2        2        
---------------------------------------------
                           199      202      


ROUND 1 - Frank Dux (P1) vs. Sharbaugh (P2)

Game     P1 Dec   P2 Dec   P1 Score P2 Score 
---------------------------------------------
1        C        D        1        4        
2        D        D        2        2        
3        D        D        2        2        
4        D        D        2        2        
5        D        D        2        2        
6        D        D        2        2        
7        D        D        2        2        
8        D        D        2        2        
9        D        D        2        2        
10       D        D        2        2        
11       D        C        4        1        
12       C        C        3        3        
13       C        C        3        3        
14       C        C        3        3        
15       C        C        3        3        
16       C        C        3        3        
17       C        C        3        3        
18       C        C        3        3        
19       C        C        3        3        
20       C        C        3        3        
21       C        D        1        4        
22       D        D        2        2        
23       D        C        4        1        
24       D        D        2        2        
25       D        D        2        2        
26       D        D        2        2        
27       D        D        2        2        
28       D        C        4        1        
29       C        D        1        4        
30       D        C        4        1        
31       C        C        3        3        
32       C        D        1        4        
33       D        D        2        2        
34       D        D        2        2        
35       D        D        2        2        
36       D        C        4        1        
37       C        D        1        4        
38       D        D        2        2        
39       D        C        4        1        
40       C        D        1        4        
41       D        D        2        2        
42       D        D        2        2        
43       D        C        4        1        
44       C        D        1        4        
45       D        C        4        1        
46       C        D        1        4        
47       D        C        4        1        
48       C        D        1        4        
49       D        C        4        1        
50       C        C        3        3        
51       C        D        1        4        
52       D        C        4        1        
53       C        D        1        4        
54       D        C        4        1        
55       C        D        1        4        
56       D        D        2        2        
57       D        D        2        2        
58       D        C        4        1        
59       D        D        2        2        
60       D        D        2        2        
61       D        D        2        2        
62       D        C        4        1        
63       C        C        3        3        
64       C        D        1        4        
65       D        D        2        2        
66       D        D        2        2        
67       D        C        4        1        
68       C        D        1        4        
69       D        D        2        2        
70       D        C        4        1        
71       C        D        1        4        
72       D        C        4        1        
73       C        D        1        4        
74       D        D        2        2        
75       D        D        2        2        
76       D        C        4        1        
77       C        D        1        4        
78       D        C        4        1        
79       C        D        1        4        
80       D        D        2        2        
81       D        D        2        2        
82       D        C        4        1        
83       C        D        1        4        
84       D        D        2        2        
85       D        C        4        1        
86       C        D        1        4        
87       D        D        2        2        
88       D        C        4        1        
89       C        C        3        3        
90       C        D        1        4        
91       D        C        4        1        
92       C        C        3        3        
93       D        D        2        2        
94       D        D        2        2        
95       D        D        2        2        
96       D        C        4        1        
97       D        D        2        2        
98       D        C        4        1        
99       C        D        1        4        
100      D        D        2        2        
---------------------------------------------
                           242      233      
