

ROUND 9 - Rupert Random (P1) vs. El Santo (P2)

Game     P1 Dec   P2 Dec   P1 Score P2 Score 
---------------------------------------------
1        C        C        3        3        
2        C        C        3        3        
3        C        C        3        3        
4        C        C        3        3        
5        D        C        4        1        
6        D        C        4        1        
7        D        C        4        1        
8        D        C        4        1        
9        D        C        4        1        
10       D        D        2        2        
11       C        C        3        3        
12       C        D        1        4        
13       C        C        3        3        
14       C        C        3        3        
15       C        C        3        3        
16       C        C        3        3        
17       C        C        3        3        
18       D        C        4        1        
19       D        C        4        1        
20       D        C        4        1        
21       D        C        4        1        
22       D        C        4        1        
23       D        C        4        1        
24       C        D        1        4        
25       C        C        3        3        
26       C        C        3        3        
27       C        C        3        3        
28       C        C        3        3        
29       C        C        3        3        
30       C        C        3        3        
31       D        C        4        1        
32       D        C        4        1        
33       D        C        4        1        
34       D        C        4        1        
35       D        C        4        1        
36       D        C        4        1        
37       C        C        3        3        
38       C        C        3        3        
39       C        C        3        3        
40       C        C        3        3        
41       C        C        3        3        
42       C        C        3        3        
43       D        C        4        1        
44       D        C        4        1        
45       D        C        4        1        
46       D        C        4        1        
47       D        C        4        1        
48       D        C        4        1        
49       D        C        4        1        
50       C        C        3        3        
51       C        C        3        3        
52       C        C        3        3        
53       C        C        3        3        
54       C        C        3        3        
55       C        C        3        3        
56       D        C        4        1        
57       D        C        4        1        
58       D        C        4        1        
59       D        C        4        1        
60       D        C        4        1        
61       D        C        4        1        
62       C        D        1        4        
63       C        C        3        3        
64       C        C        3        3        
65       C        C        3        3        
66       C        C        3        3        
67       C        C        3        3        
68       D        C        4        1        
69       D        C        4        1        
70       D        C        4        1        
71       D        C        4        1        
72       D        C        4        1        
73       D        C        4        1        
74       D        D        2        2        
75       C        D        1        4        
76       C        D        1        4        
77       C        C        3        3        
78       C        C        3        3        
79       C        C        3        3        
80       C        C        3        3        
81       D        C        4        1        
82       D        C        4        1        
83       D        C        4        1        
84       D        C        4        1        
85       D        C        4        1        
86       D        C        4        1        
87       C        C        3        3        
88       C        D        1        4        
89       C        C        3        3        
90       C        C        3        3        
91       C        C        3        3        
92       C        C        3        3        
93       D        C        4        1        
94       D        C        4        1        
95       D        C        4        1        
96       D        C        4        1        
97       D        C        4        1        
98       D        D        2        2        
99       D        D        2        2        
100      C        D        1        4        
101      C        C        3        3        
102      C        D        1        4        
103      C        C        3        3        
104      C        C        3        3        
105      C        C        3        3        
106      D        C        4        1        
107      D        C        4        1        
108      D        C        4        1        
109      D        C        4        1        
110      D        D        2        2        
111      D        D        2        2        
112      C        C        3        3        
113      C        D        1        4        
114      C        C        3        3        
115      C        C        3        3        
116      C        C        3        3        
117      C        C        3        3        
118      C        C        3        3        
119      D        C        4        1        
120      D        C        4        1        
121      D        C        4        1        
122      D        C        4        1        
123      D        C        4        1        
124      D        C        4        1        
125      C        D        1        4        
126      C        C        3        3        
127      C        C        3        3        
128      C        C        3        3        
129      C        C        3        3        
130      C        C        3        3        
131      D        C        4        1        
132      C        C        3        3        
133      C        C        3        3        
134      C        C        3        3        
135      C        C        3        3        
136      C        C        3        3        
137      C        C        3        3        
138      D        C        4        1        
139      D        C        4        1        
140      D        C        4        1        
141      D        C        4        1        
142      D        C        4        1        
143      D        C        4        1        
144      D        C        4        1        
145      C        C        3        3        
146      C        C        3        3        
147      C        C        3        3        
148      C        C        3        3        
149      C        C        3        3        
150      C        C        3        3        
151      D        C        4        1        
152      D        C        4        1        
153      D        C        4        1        
154      D        C        4        1        
155      D        C        4        1        
156      D        C        4        1        
157      D        C        4        1        
158      C        C        3        3        
159      C        C        3        3        
160      C        C        3        3        
161      C        C        3        3        
162      C        C        3        3        
163      C        C        3        3        
164      D        C        4        1        
165      D        C        4        1        
166      D        C        4        1        
167      D        C        4        1        
168      D        C        4        1        
169      D        C        4        1        
170      D        C        4        1        
171      C        C        3        3        
172      C        C        3        3        
173      C        C        3        3        
174      C        C        3        3        
175      C        C        3        3        
176      C        C        3        3        
177      D        C        4        1        
178      D        C        4        1        
179      D        C        4        1        
180      D        C        4        1        
181      D        C        4        1        
182      D        C        4        1        
183      C        C        3        3        
184      C        C        3        3        
185      C        C        3        3        
186      C        C        3        3        
187      C        C        3        3        
188      C        C        3        3        
189      C        C        3        3        
190      D        C        4        1        
191      D        C        4        1        
192      D        C        4        1        
193      D        C        4        1        
194      D        C        4        1        
195      D        C        4        1        
196      C        C        3        3        
197      C        C        3        3        
198      C        C        3        3        
199      C        C        3        3        
200      C        C        3        3        
201      C        C        3        3        
202      C        C        3        3        
203      D        C        4        1        
204      D        C        4        1        
205      D        C        4        1        
206      D        C        4        1        
207      D        C        4        1        
208      D        C        4        1        
209      C        C        3        3        
210      C        C        3        3        
211      C        C        3        3        
212      C        C        3        3        
213      C        C        3        3        
214      C        C        3        3        
215      C        C        3        3        
216      D        C        4        1        
217      D        C        4        1        
218      D        C        4        1        
219      D        C        4        1        
220      D        C        4        1        
221      D        C        4        1        
222      C        C        3        3        
223      C        C        3        3        
224      C        C        3        3        
225      C        C        3        3        
226      C        C        3        3        
227      C        C        3        3        
228      D        C        4        1        
229      D        C        4        1        
230      D        C        4        1        
231      D        C        4        1        
232      D        C        4        1        
233      D        C        4        1        
234      D        C        4        1        
235      C        C        3        3        
236      C        C        3        3        
237      C        C        3        3        
238      C        C        3        3        
239      C        C        3        3        
240      C        C        3        3        
241      D        C        4        1        
242      D        C        4        1        
243      D        C        4        1        
244      D        C        4        1        
245      D        C        4        1        
246      D        C        4        1        
247      D        C        4        1        
248      C        C        3        3        
249      C        C        3        3        
250      C        C        3        3        
251      C        C        3        3        
252      C        C        3        3        
253      C        C        3        3        
254      D        C        4        1        
255      D        C        4        1        
256      D        C        4        1        
257      D        C        4        1        
258      D        C        4        1        
259      D        C        4        1        
260      D        C        4        1        
261      C        C        3        3        
262      C        C        3        3        
263      C        C        3        3        
264      C        C        3        3        
265      C        C        3        3        
266      C        C        3        3        
267      D        C        4        1        
268      D        C        4        1        
269      D        C        4        1        
270      D        C        4        1        
271      D        C        4        1        
272      D        C        4        1        
273      D        C        4        1        
274      C        D        1        4        
275      C        C        3        3        
276      C        C        3        3        
277      C        C        3        3        
278      C        C        3        3        
279      C        C        3        3        
280      D        C        4        1        
281      D        C        4        1        
282      D        C        4        1        
283      D        C        4        1        
284      D        C        4        1        
285      D        C        4        1        
286      C        C        3        3        
287      C        C        3        3        
288      C        C        3        3        
289      C        C        3        3        
290      C        C        3        3        
291      C        C        3        3        
292      C        C        3        3        
293      D        C        4        1        
294      D        C        4        1        
295      D        C        4        1        
296      D        C        4        1        
297      D        C        4        1        
298      D        C        4        1        
299      C        C        3        3        
300      C        C        3        3        
301      C        C        3        3        
302      C        C        3        3        
303      C        C        3        3        
304      C        C        3        3        
305      C        C        3        3        
306      D        C        4        1        
307      D        C        4        1        
308      D        C        4        1        
309      D        C        4        1        
310      D        C        4        1        
311      D        C        4        1        
312      C        C        3        3        
313      C        C        3        3        
314      C        C        3        3        
315      C        C        3        3        
316      C        C        3        3        
317      C        C        3        3        
318      C        C        3        3        
319      D        C        4        1        
320      D        C        4        1        
321      D        C        4        1        
322      D        C        4        1        
323      D        C        4        1        
324      D        C        4        1        
325      C        C        3        3        
326      C        C        3        3        
327      C        C        3        3        
328      C        C        3        3        
329      C        C        3        3        
330      C        C        3        3        
331      D        C        4        1        
332      D        C        4        1        
333      D        C        4        1        
334      D        C        4        1        
335      D        C        4        1        
336      D        C        4        1        
337      D        C        4        1        
338      C        C        3        3        
339      C        C        3        3        
340      C        C        3        3        
341      C        C        3        3        
342      C        C        3        3        
343      C        C        3        3        
344      D        C        4        1        
345      D        C        4        1        
346      D        C        4        1        
347      D        C        4        1        
348      D        C        4        1        
349      D        C        4        1        
350      C        C        3        3        
351      C        C        3        3        
352      C        C        3        3        
353      C        C        3        3        
354      C        C        3        3        
355      C        C        3        3        
356      D        C        4        1        
357      D        C        4        1        
358      D        C        4        1        
359      D        C        4        1        
360      D        C        4        1        
361      D        C        4        1        
362      D        C        4        1        
363      C        C        3        3        
364      C        C        3        3        
365      C        C        3        3        
366      C        C        3        3        
367      C        C        3        3        
368      C        C        3        3        
369      D        C        4        1        
370      D        C        4        1        
371      D        C        4        1        
372      D        C        4        1        
373      D        C        4        1        
374      D        C        4        1        
375      D        C        4        1        
376      C        C        3        3        
377      C        C        3        3        
378      C        C        3        3        
379      C        C        3        3        
380      C        C        3        3        
381      C        C        3        3        
382      D        C        4        1        
383      D        C        4        1        
384      D        C        4        1        
385      D        C        4        1        
386      D        C        4        1        
387      D        C        4        1        
388      D        C        4        1        
389      C        C        3        3        
390      C        D        1        4        
391      C        C        3        3        
392      C        C        3        3        
393      C        C        3        3        
394      C        C        3        3        
395      D        C        4        1        
396      D        C        4        1        
397      D        C        4        1        
398      D        C        4        1        
399      D        C        4        1        
400      D        D        2        2        
401      D        C        4        1        
402      C        C        3        3        
403      C        D        1        4        
404      C        D        1        4        
405      C        C        3        3        
406      C        C        3        3        
407      C        C        3        3        
408      D        C        4        1        
409      D        C        4        1        
410      D        C        4        1        
411      D        C        4        1        
412      D        D        2        2        
413      D        D        2        2        
414      C        C        3        3        
415      C        D        1        4        
416      C        D        1        4        
417      C        C        3        3        
418      C        C        3        3        
419      C        C        3        3        
420      C        C        3        3        
421      D        C        4        1        
422      D        C        4        1        
423      D        C        4        1        
424      D        C        4        1        
425      D        C        4        1        
426      D        D        2        2        
427      C        D        1        4        
428      C        D        1        4        
429      C        C        3        3        
430      C        C        3        3        
431      C        C        3        3        
432      C        C        3        3        
433      C        C        3        3        
434      D        C        4        1        
435      D        C        4        1        
436      D        C        4        1        
437      D        C        4        1        
438      D        C        4        1        
439      D        C        4        1        
440      C        C        3        3        
441      C        C        3        3        
442      C        C        3        3        
443      C        C        3        3        
444      C        C        3        3        
445      C        C        3        3        
446      C        C        3        3        
447      D        C        4        1        
448      D        C        4        1        
449      D        C        4        1        
450      D        C        4        1        
451      D        C        4        1        
452      D        C        4        1        
453      C        C        3        3        
454      C        C        3        3        
455      C        C        3        3        
456      C        C        3        3        
457      C        C        3        3        
458      C        C        3        3        
459      D        C        4        1        
460      D        C        4        1        
461      D        C        4        1        
462      D        C        4        1        
463      D        C        4        1        
464      D        C        4        1        
465      D        C        4        1        
466      C        C        3        3        
467      C        C        3        3        
468      C        C        3        3        
469      C        C        3        3        
470      C        C        3        3        
471      C        C        3        3        
472      D        C        4        1        
473      D        C        4        1        
474      D        C        4        1        
475      D        C        4        1        
476      D        C        4        1        
477      D        C        4        1        
478      D        D        2        2        
479      C        D        1        4        
480      C        C        3        3        
481      C        C        3        3        
482      C        C        3        3        
483      C        C        3        3        
484      C        C        3        3        
485      D        C        4        1        
486      D        C        4        1        
487      D        C        4        1        
488      D        C        4        1        
489      D        C        4        1        
490      D        C        4        1        
491      D        D        2        2        
492      C        D        1        4        
493      C        C        3        3        
494      C        D        1        4        
495      C        C        3        3        
496      C        C        3        3        
497      C        C        3        3        
498      D        C        4        1        
499      D        C        4        1        
500      D        C        4        1        
501      D        C        4        1        
502      D        D        2        2        
503      D        D        2        2        
504      D        C        4        1        
505      C        C        3        3        
506      C        D        1        4        
507      C        C        3        3        
508      C        D        1        4        
509      C        C        3        3        
510      C        C        3        3        
511      D        C        4        1        
512      D        C        4        1        
513      D        C        4        1        
514      D        D        2        2        
515      D        C        4        1        
516      D        C        4        1        
517      C        C        3        3        
518      C        C        3        3        
519      C        C        3        3        
520      C        C        3        3        
521      C        C        3        3        
522      C        C        3        3        
523      C        C        3        3        
524      D        C        4        1        
525      D        C        4        1        
526      D        C        4        1        
527      D        C        4        1        
528      D        C        4        1        
529      D        D        2        2        
530      C        C        3        3        
531      C        D        1        4        
532      C        D        1        4        
533      C        C        3        3        
534      C        C        3        3        
535      C        C        3        3        
536      C        C        3        3        
537      D        C        4        1        
538      D        C        4        1        
539      D        C        4        1        
540      D        C        4        1        
541      D        C        4        1        
542      D        D        2        2        
543      C        D        1        4        
544      C        C        3        3        
545      C        C        3        3        
546      C        C        3        3        
547      C        C        3        3        
548      C        C        3        3        
549      C        C        3        3        
550      D        C        4        1        
551      D        C        4        1        
552      D        C        4        1        
553      D        C        4        1        
554      D        C        4        1        
555      D        C        4        1        
556      C        C        3        3        
557      C        C        3        3        
558      C        C        3        3        
559      C        C        3        3        
560      C        C        3        3        
561      C        C        3        3        
562      D        C        4        1        
563      D        C        4        1        
564      D        C        4        1        
565      D        C        4        1        
566      D        C        4        1        
567      D        C        4        1        
568      D        D        2        2        
569      C        D        1        4        
570      C        C        3        3        
571      C        C        3        3        
572      C        C        3        3        
573      C        C        3        3        
574      C        C        3        3        
575      D        C        4        1        
576      D        C        4        1        
577      D        C        4        1        
578      D        C        4        1        
579      D        C        4        1        
580      D        D        2        2        
581      D        C        4        1        
582      C        D        1        4        
583      C        C        3        3        
584      C        C        3        3        
585      C        C        3        3        
586      C        C        3        3        
587      C        C        3        3        
588      D        C        4        1        
589      D        C        4        1        
590      D        C        4        1        
591      D        C        4        1        
592      D        C        4        1        
593      D        D        2        2        
594      D        D        2        2        
595      C        C        3        3        
596      C        D        1        4        
597      C        C        3        3        
598      C        C        3        3        
599      C        C        3        3        
600      C        C        3        3        
601      D        C        4        1        
602      D        C        4        1        
603      D        C        4        1        
604      D        C        4        1        
605      D        D        2        2        
606      D        C        4        1        
607      D        D        2        2        
608      C        C        3        3        
609      C        D        1        4        
610      C        C        3        3        
611      C        D        1        4        
612      C        D        1        4        
613      C        C        3        3        
614      D        C        4        1        
615      D        C        4        1        
616      D        D        2        2        
617      D        C        4        1        
618      D        D        2        2        
619      D        C        4        1        
620      C        D        1        4        
621      D        D        2        2        
622      D        D        2        2        
623      D        D        2        2        
624      D        C        4        1        
625      D        C        4        1        
626      D        C        4        1        
627      C        C        3        3        
628      C        C        3        3        
629      C        D        1        4        
630      C        D        1        4        
631      C        D        1        4        
632      C        C        3        3        
633      C        C        3        3        
634      D        C        4        1        
635      D        C        4        1        
636      D        C        4        1        
637      D        C        4        1        
638      D        C        4        1        
639      D        C        4        1        
640      C        C        3        3        
641      C        D        1        4        
642      C        D        1        4        
643      C        D        1        4        
644      C        C        3        3        
645      C        D        1        4        
646      C        C        3        3        
647      D        D        2        2        
648      D        C        4        1        
649      D        C        4        1        
650      D        D        2        2        
651      D        C        4        1        
652      D        C        4        1        
653      C        C        3        3        
654      C        D        1        4        
655      C        D        1        4        
656      C        D        1        4        
657      C        D        1        4        
658      C        C        3        3        
659      C        C        3        3        
660      D        D        2        2        
661      D        C        4        1        
662      D        D        2        2        
663      D        C        4        1        
664      D        C        4        1        
665      D        D        2        2        
666      C        D        1        4        
667      C        D        1        4        
668      C        C        3        3        
669      C        C        3        3        
670      C        C        3        3        
671      C        D        1        4        
672      D        C        4        1        
673      D        D        2        2        
674      D        C        4        1        
675      D        C        4        1        
676      D        D        2        2        
677      D        D        2        2        
678      D        C        4        1        
679      C        C        3        3        
680      C        C        3        3        
681      C        C        3        3        
682      C        D        1        4        
683      C        D        1        4        
684      C        C        3        3        
685      D        C        4        1        
686      D        D        2        2        
687      D        C        4        1        
688      D        C        4        1        
689      D        C        4        1        
690      D        C        4        1        
691      D        C        4        1        
692      C        C        3        3        
693      C        D        1        4        
694      C        C        3        3        
695      C        D        1        4        
696      C        D        1        4        
697      C        C        3        3        
698      D        D        2        2        
699      D        D        2        2        
700      D        C        4        1        
701      D        D        2        2        
702      D        C        4        1        
703      D        C        4        1        
704      C        D        1        4        
705      C        C        3        3        
706      C        C        3        3        
707      C        D        1        4        
708      C        D        1        4        
709      C        D        1        4        
710      D        D        2        2        
711      D        C        4        1        
712      D        D        2        2        
713      D        C        4        1        
714      D        C        4        1        
715      D        C        4        1        
716      D        D        2        2        
717      C        C        3        3        
718      C        C        3        3        
719      C        D        1        4        
720      C        C        3        3        
721      C        D        1        4        
722      C        C        3        3        
723      D        C        4        1        
724      D        D        2        2        
725      D        C        4        1        
726      D        C        4        1        
727      D        C        4        1        
728      D        D        2        2        
729      D        D        2        2        
730      C        D        1        4        
731      C        D        1        4        
732      C        C        3        3        
733      C        C        3        3        
734      C        D        1        4        
735      C        D        1        4        
736      D        C        4        1        
737      D        C        4        1        
738      D        C        4        1        
739      D        D        2        2        
740      D        C        4        1        
741      D        C        4        1        
742      D        D        2        2        
743      C        D        1        4        
744      C        C        3        3        
745      C        C        3        3        
746      C        C        3        3        
747      C        C        3        3        
748      C        C        3        3        
749      D        C        4        1        
750      D        D        2        2        
751      D        C        4        1        
752      D        C        4        1        
753      D        D        2        2        
754      D        D        2        2        
755      D        D        2        2        
756      C        D        1        4        
757      C        C        3        3        
758      C        D        1        4        
759      C        C        3        3        
760      C        D        1        4        
761      C        C        3        3        
762      D        D        2        2        
763      D        C        4        1        
764      D        D        2        2        
765      D        C        4        1        
766      D        D        2        2        
767      D        D        2        2        
768      D        D        2        2        
769      C        D        1        4        
770      C        C        3        3        
771      C        C        3        3        
772      C        D        1        4        
773      C        C        3        3        
774      C        C        3        3        
775      D        D        2        2        
776      D        D        2        2        
777      D        C        4        1        
778      D        C        4        1        
779      D        D        2        2        
780      D        D        2        2        
781      D        C        4        1        
782      C        C        3        3        
783      C        D        1        4        
784      C        C        3        3        
785      C        D        1        4        
786      C        C        3        3        
787      C        C        3        3        
788      D        C        4        1        
789      D        D        2        2        
790      D        C        4        1        
791      D        D        2        2        
792      D        D        2        2        
793      D        D        2        2        
794      C        C        3        3        
795      C        C        3        3        
796      C        C        3        3        
797      C        D        1        4        
798      C        C        3        3        
799      C        D        1        4        
800      C        C        3        3        
801      D        C        4        1        
802      D        D        2        2        
803      D        C        4        1        
804      D        C        4        1        
805      D        C        4        1        
806      D        C        4        1        
807      C        D        1        4        
808      C        C        3        3        
809      C        D        1        4        
810      C        D        1        4        
811      C        C        3        3        
812      C        C        3        3        
813      C        D        1        4        
814      D        D        2        2        
815      D        C        4        1        
816      D        D        2        2        
817      D        C        4        1        
818      D        C        4        1        
819      D        D        2        2        
820      C        C        3        3        
821      C        C        3        3        
822      C        C        3        3        
823      C        C        3        3        
824      C        D        1        4        
825      C        C        3        3        
826      C        D        1        4        
827      D        D        2        2        
828      D        C        4        1        
829      D        D        2        2        
830      D        D        2        2        
831      D        D        2        2        
832      D        C        4        1        
833      C        D        1        4        
834      C        C        3        3        
835      C        D        1        4        
836      C        C        3        3        
837      C        C        3        3        
838      C        C        3        3        
839      C        C        3        3        
840      D        C        4        1        
841      D        C        4        1        
842      D        D        2        2        
843      D        C        4        1        
844      D        D        2        2        
845      D        D        2        2        
846      C        C        3        3        
847      C        D        1        4        
848      C        D        1        4        
849      C        C        3        3        
850      C        C        3        3        
851      C        D        1        4        
852      D        D        2        2        
853      D        C        4        1        
854      D        C        4        1        
855      D        C        4        1        
856      D        D        2        2        
857      D        C        4        1        
858      D        D        2        2        
859      C        C        3        3        
860      C        D        1        4        
861      C        D        1        4        
862      C        C        3        3        
863      C        D        1        4        
864      C        D        1        4        
865      D        D        2        2        
866      D        C        4        1        
867      D        D        2        2        
868      D        D        2        2        
869      D        D        2        2        
870      D        C        4        1        
871      D        C        4        1        
872      C        C        3        3        
873      C        D        1        4        
874      C        C        3        3        
875      C        C        3        3        
876      C        C        3        3        
877      C        D        1        4        
878      D        D        2        2        
879      D        D        2        2        
880      D        C        4        1        
881      D        D        2        2        
882      D        C        4        1        
883      D        C        4        1        
884      D        D        2        2        
885      C        D        1        4        
886      C        D        1        4        
887      C        D        1        4        
888      C        D        1        4        
889      C        D        1        4        
890      C        C        3        3        
891      D        C        4        1        
892      D        C        4        1        
893      D        D        2        2        
894      D        D        2        2        
895      D        C        4        1        
896      D        C        4        1        
897      D        D        2        2        
898      C        C        3        3        
899      C        D        1        4        
900      C        D        1        4        
901      C        C        3        3        
902      C        C        3        3        
903      C        D        1        4        
904      D        D        2        2        
905      D        D        2        2        
906      D        C        4        1        
907      D        D        2        2        
908      D        C        4        1        
909      D        D        2        2        
910      D        D        2        2        
911      C        D        1        4        
912      C        D        1        4        
913      C        D        1        4        
914      C        D        1        4        
915      C        C        3        3        
916      C        D        1        4        
917      D        D        2        2        
918      D        C        4        1        
919      D        C        4        1        
920      D        C        4        1        
921      D        C        4        1        
922      D        C        4        1        
923      D        D        2        2        
924      C        D        1        4        
925      C        C        3        3        
926      C        D        1        4        
927      C        C        3        3        
928      C        D        1        4        
929      C        C        3        3        
930      D        D        2        2        
931      D        D        2        2        
932      D        C        4        1        
933      D        D        2        2        
934      D        C        4        1        
935      D        C        4        1        
936      C        D        1        4        
937      C        C        3        3        
938      C        C        3        3        
939      C        D        1        4        
940      C        D        1        4        
941      C        D        1        4        
942      C        C        3        3        
943      D        C        4        1        
944      D        D        2        2        
945      D        C        4        1        
946      D        D        2        2        
947      D        D        2        2        
948      D        C        4        1        
949      C        C        3        3        
950      C        C        3        3        
951      C        D        1        4        
952      C        C        3        3        
953      C        C        3        3        
954      C        C        3        3        
955      C        D        1        4        
956      D        C        4        1        
957      D        D        2        2        
958      D        D        2        2        
959      D        C        4        1        
960      D        D        2        2        
961      D        C        4        1        
962      C        D        1        4        
963      C        D        1        4        
964      C        D        1        4        
965      C        D        1        4        
966      C        D        1        4        
967      C        D        1        4        
968      C        C        3        3        
969      D        D        2        2        
970      D        D        2        2        
971      D        C        4        1        
972      D        C        4        1        
973      D        C        4        1        
974      D        C        4        1        
975      C        D        1        4        
976      C        D        1        4        
977      C        D        1        4        
978      C        C        3        3        
979      C        D        1        4        
980      C        C        3        3        
981      C        D        1        4        
982      D        D        2        2        
983      D        C        4        1        
984      D        C        4        1        
985      D        C        4        1        
986      D        D        2        2        
987      D        D        2        2        
988      C        C        3        3        
989      C        D        1        4        
990      C        C        3        3        
991      C        D        1        4        
992      C        D        1        4        
993      C        D        1        4        
994      C        C        3        3        
995      D        C        4        1        
996      D        C        4        1        
997      D        D        2        2        
998      D        D        2        2        
999      D        D        2        2        
1000     D        C        4        1        
---------------------------------------------
                           3026     2228     


ROUND 9 - Rupert Random (P1) vs. SpaghettiCoder (P2)

Game     P1 Dec   P2 Dec   P1 Score P2 Score 
---------------------------------------------
1        C        D        1        4        
2        D        D        2        2        
3        D        D        2        2        
4        D        D        2        2        
5        D        D        2        2        
6        D        D        2        2        
7        D        D        2        2        
8        D        D        2        2        
9        C        D        1        4        
10       C        D        1        4        
11       C        D        1        4        
12       C        D        1        4        
13       C        D        1        4        
14       C        D        1        4        
15       D        D        2        2        
16       D        D        2        2        
17       D        D        2        2        
18       D        D        2        2        
19       D        D        2        2        
20       D        D        2        2        
21       D        D        2        2        
22       C        D        1        4        
23       C        D        1        4        
24       C        D        1        4        
25       C        D        1        4        
26       C        D        1        4        
27       C        D        1        4        
28       D        D        2        2        
29       D        D        2        2        
30       D        D        2        2        
31       D        D        2        2        
32       D        D        2        2        
33       D        D        2        2        
34       D        D        2        2        
35       C        D        1        4        
36       C        D        1        4        
37       C        D        1        4        
38       C        D        1        4        
39       C        D        1        4        
40       C        D        1        4        
41       D        D        2        2        
42       D        D        2        2        
43       D        D        2        2        
44       D        D        2        2        
45       D        D        2        2        
46       D        D        2        2        
47       C        D        1        4        
48       C        D        1        4        
49       C        D        1        4        
50       C        D        1        4        
51       C        D        1        4        
52       C        D        1        4        
53       C        D        1        4        
54       D        D        2        2        
55       D        D        2        2        
56       D        D        2        2        
57       D        D        2        2        
58       D        D        2        2        
59       D        D        2        2        
60       C        D        1        4        
61       C        D        1        4        
62       C        D        1        4        
63       C        D        1        4        
64       C        D        1        4        
65       C        D        1        4        
66       C        D        1        4        
67       D        D        2        2        
68       D        D        2        2        
69       D        D        2        2        
70       D        D        2        2        
71       D        D        2        2        
72       D        D        2        2        
73       C        D        1        4        
74       C        D        1        4        
75       C        D        1        4        
76       C        D        1        4        
77       C        D        1        4        
78       C        D        1        4        
79       C        D        1        4        
80       D        D        2        2        
81       D        D        2        2        
82       D        D        2        2        
83       D        D        2        2        
84       D        D        2        2        
85       D        D        2        2        
86       C        D        1        4        
87       C        D        1        4        
88       C        D        1        4        
89       C        D        1        4        
90       C        D        1        4        
91       C        D        1        4        
92       D        D        2        2        
93       D        D        2        2        
94       D        D        2        2        
95       C        D        1        4        
96       C        D        1        4        
97       C        D        1        4        
98       C        D        1        4        
99       C        D        1        4        
100      C        D        1        4        
101      D        D        2        2        
102      D        D        2        2        
103      D        D        2        2        
104      D        D        2        2        
105      D        D        2        2        
106      D        D        2        2        
107      C        D        1        4        
108      C        D        1        4        
109      C        D        1        4        
110      C        D        1        4        
111      C        D        1        4        
112      C        D        1        4        
113      C        D        1        4        
114      D        D        2        2        
115      D        D        2        2        
116      D        D        2        2        
117      D        D        2        2        
118      D        D        2        2        
119      D        D        2        2        
120      C        D        1        4        
121      C        D        1        4        
122      C        D        1        4        
123      C        D        1        4        
124      C        D        1        4        
125      C        D        1        4        
126      C        D        1        4        
127      D        D        2        2        
128      D        D        2        2        
129      D        D        2        2        
130      D        D        2        2        
131      D        D        2        2        
132      D        D        2        2        
133      C        D        1        4        
134      C        D        1        4        
135      C        D        1        4        
136      C        D        1        4        
137      C        D        1        4        
138      C        D        1        4        
139      C        D        1        4        
140      D        D        2        2        
141      D        D        2        2        
142      D        D        2        2        
143      D        D        2        2        
144      D        D        2        2        
145      D        D        2        2        
146      C        D        1        4        
147      C        D        1        4        
148      C        D        1        4        
149      C        D        1        4        
150      C        D        1        4        
151      C        D        1        4        
152      D        D        2        2        
153      D        D        2        2        
154      D        D        2        2        
155      D        D        2        2        
156      D        D        2        2        
157      D        D        2        2        
158      D        D        2        2        
159      C        D        1        4        
160      C        D        1        4        
161      C        D        1        4        
162      C        D        1        4        
163      C        D        1        4        
164      C        D        1        4        
165      D        D        2        2        
166      D        D        2        2        
167      D        D        2        2        
168      D        D        2        2        
169      D        D        2        2        
170      D        D        2        2        
171      D        D        2        2        
172      C        D        1        4        
173      C        D        1        4        
174      C        D        1        4        
175      C        D        1        4        
176      C        D        1        4        
177      C        D        1        4        
178      D        D        2        2        
179      D        D        2        2        
180      D        D        2        2        
181      D        D        2        2        
182      D        D        2        2        
183      D        D        2        2        
184      D        D        2        2        
185      C        D        1        4        
186      C        D        1        4        
187      C        D        1        4        
188      C        D        1        4        
189      C        D        1        4        
190      C        D        1        4        
191      D        D        2        2        
192      D        D        2        2        
193      D        D        2        2        
194      D        D        2        2        
195      D        D        2        2        
196      D        D        2        2        
197      D        D        2        2        
198      C        D        1        4        
199      C        D        1        4        
200      C        D        1        4        
201      C        D        1        4        
202      C        D        1        4        
203      C        D        1        4        
204      D        D        2        2        
205      D        D        2        2        
206      D        D        2        2        
207      D        D        2        2        
208      D        D        2        2        
209      D        D        2        2        
210      C        D        1        4        
211      C        D        1        4        
212      C        D        1        4        
213      C        D        1        4        
214      C        D        1        4        
215      C        D        1        4        
216      C        D        1        4        
217      D        D        2        2        
218      D        D        2        2        
219      D        D        2        2        
220      D        D        2        2        
221      D        D        2        2        
222      D        D        2        2        
223      C        D        1        4        
224      C        D        1        4        
225      C        D        1        4        
226      C        D        1        4        
227      C        D        1        4        
228      C        D        1        4        
229      C        D        1        4        
230      D        D        2        2        
231      D        D        2        2        
232      D        D        2        2        
233      D        D        2        2        
234      D        D        2        2        
235      D        D        2        2        
236      C        D        1        4        
237      C        D        1        4        
238      C        D        1        4        
239      C        D        1        4        
240      C        D        1        4        
241      C        D        1        4        
242      C        D        1        4        
243      D        D        2        2        
244      D        D        2        2        
245      D        D        2        2        
246      D        D        2        2        
247      D        D        2        2        
248      D        D        2        2        
249      C        D        1        4        
250      C        D        1        4        
251      C        D        1        4        
252      C        D        1        4        
253      C        D        1        4        
254      C        D        1        4        
255      C        D        1        4        
256      D        D        2        2        
257      D        D        2        2        
258      D        D        2        2        
259      D        D        2        2        
260      D        D        2        2        
261      D        D        2        2        
262      C        D        1        4        
263      C        D        1        4        
264      C        D        1        4        
265      C        D        1        4        
266      C        D        1        4        
267      C        D        1        4        
268      D        D        2        2        
269      D        D        2        2        
270      D        D        2        2        
271      D        D        2        2        
272      D        D        2        2        
273      D        D        2        2        
274      D        D        2        2        
275      C        D        1        4        
276      C        D        1        4        
277      C        D        1        4        
278      C        D        1        4        
279      C        D        1        4        
280      C        D        1        4        
281      D        D        2        2        
282      D        D        2        2        
283      D        D        2        2        
284      D        D        2        2        
285      D        D        2        2        
286      D        D        2        2        
287      D        D        2        2        
288      C        D        1        4        
289      C        D        1        4        
290      C        D        1        4        
291      C        D        1        4        
292      C        D        1        4        
293      C        D        1        4        
294      D        D        2        2        
295      D        D        2        2        
296      D        D        2        2        
297      D        D        2        2        
298      D        D        2        2        
299      D        D        2        2        
300      D        D        2        2        
301      C        D        1        4        
302      C        D        1        4        
303      C        D        1        4        
304      C        D        1        4        
305      C        D        1        4        
306      C        D        1        4        
307      D        D        2        2        
308      D        D        2        2        
309      D        D        2        2        
310      D        D        2        2        
311      D        D        2        2        
312      D        D        2        2        
313      C        D        1        4        
314      C        D        1        4        
315      C        D        1        4        
316      C        D        1        4        
317      C        D        1        4        
318      C        D        1        4        
319      C        D        1        4        
320      D        D        2        2        
321      D        D        2        2        
322      D        D        2        2        
323      D        D        2        2        
324      D        D        2        2        
325      D        D        2        2        
326      C        D        1        4        
327      C        D        1        4        
328      C        D        1        4        
329      C        D        1        4        
330      C        D        1        4        
331      C        D        1        4        
332      C        D        1        4        
333      D        D        2        2        
334      D        D        2        2        
335      D        D        2        2        
336      D        D        2        2        
337      D        D        2        2        
338      D        D        2        2        
339      C        D        1        4        
340      C        D        1        4        
341      C        D        1        4        
342      C        D        1        4        
343      C        D        1        4        
344      C        D        1        4        
345      C        D        1        4        
346      D        D        2        2        
347      D        D        2        2        
348      D        D        2        2        
349      D        D        2        2        
350      D        D        2        2        
351      C        D        1        4        
352      C        D        1        4        
353      C        D        1        4        
354      C        D        1        4        
355      C        D        1        4        
356      C        D        1        4        
357      C        D        1        4        
358      D        D        2        2        
359      D        D        2        2        
360      D        D        2        2        
361      D        D        2        2        
362      D        D        2        2        
363      D        D        2        2        
364      C        D        1        4        
365      C        D        1        4        
366      C        D        1        4        
367      C        D        1        4        
368      C        D        1        4        
369      C        D        1        4        
370      C        D        1        4        
371      D        D        2        2        
372      D        D        2        2        
373      D        D        2        2        
374      D        D        2        2        
375      D        D        2        2        
376      D        D        2        2        
377      C        D        1        4        
378      C        D        1        4        
379      C        D        1        4        
380      C        D        1        4        
381      C        D        1        4        
382      C        D        1        4        
383      C        D        1        4        
384      D        D        2        2        
385      D        D        2        2        
386      D        D        2        2        
387      D        D        2        2        
388      D        D        2        2        
389      D        D        2        2        
390      C        D        1        4        
391      C        D        1        4        
392      C        D        1        4        
393      C        D        1        4        
394      C        D        1        4        
395      C        D        1        4        
396      D        D        2        2        
397      D        D        2        2        
398      D        D        2        2        
399      D        D        2        2        
400      D        D        2        2        
401      D        D        2        2        
402      D        D        2        2        
403      C        D        1        4        
404      C        D        1        4        
405      C        D        1        4        
406      C        D        1        4        
407      C        D        1        4        
408      C        D        1        4        
409      D        D        2        2        
410      D        D        2        2        
411      D        D        2        2        
412      D        D        2        2        
413      D        D        2        2        
414      D        D        2        2        
415      C        D        1        4        
416      C        D        1        4        
417      C        D        1        4        
418      C        D        1        4        
419      C        D        1        4        
420      C        D        1        4        
421      C        D        1        4        
422      D        D        2        2        
423      D        D        2        2        
424      D        D        2        2        
425      D        D        2        2        
426      D        D        2        2        
427      D        D        2        2        
428      C        D        1        4        
429      C        D        1        4        
430      C        D        1        4        
431      C        D        1        4        
432      C        D        1        4        
433      C        D        1        4        
434      C        D        1        4        
435      D        D        2        2        
436      D        D        2        2        
437      D        D        2        2        
438      D        D        2        2        
439      D        D        2        2        
440      D        D        2        2        
441      C        D        1        4        
442      C        D        1        4        
443      C        D        1        4        
444      C        D        1        4        
445      C        D        1        4        
446      C        D        1        4        
447      C        D        1        4        
448      D        D        2        2        
449      D        D        2        2        
450      D        D        2        2        
451      D        D        2        2        
452      D        D        2        2        
453      D        D        2        2        
454      C        D        1        4        
455      C        D        1        4        
456      C        D        1        4        
457      C        D        1        4        
458      C        D        1        4        
459      C        D        1        4        
460      C        D        1        4        
461      D        D        2        2        
462      D        D        2        2        
463      D        D        2        2        
464      D        D        2        2        
465      D        D        2        2        
466      D        D        2        2        
467      C        D        1        4        
468      C        D        1        4        
469      C        D        1        4        
470      C        D        1        4        
471      C        D        1        4        
472      C        D        1        4        
473      C        D        1        4        
474      D        D        2        2        
475      D        D        2        2        
476      D        D        2        2        
477      D        D        2        2        
478      D        D        2        2        
479      D        D        2        2        
480      C        D        1        4        
481      C        D        1        4        
482      C        D        1        4        
483      C        D        1        4        
484      C        D        1        4        
485      C        D        1        4        
486      C        D        1        4        
487      D        D        2        2        
488      D        D        2        2        
489      D        D        2        2        
490      D        D        2        2        
491      D        D        2        2        
492      D        D        2        2        
493      C        D        1        4        
494      C        D        1        4        
495      C        D        1        4        
496      C        D        1        4        
497      C        D        1        4        
498      C        D        1        4        
499      C        D        1        4        
500      D        D        2        2        
501      D        D        2        2        
502      D        D        2        2        
503      D        D        2        2        
504      D        D        2        2        
505      D        D        2        2        
506      C        D        1        4        
507      C        D        1        4        
508      C        D        1        4        
509      C        D        1        4        
510      C        D        1        4        
511      C        D        1        4        
512      C        D        1        4        
513      D        D        2        2        
514      D        D        2        2        
515      D        D        2        2        
516      D        D        2        2        
517      D        D        2        2        
518      D        D        2        2        
519      C        D        1        4        
520      C        D        1        4        
521      C        D        1        4        
522      C        D        1        4        
523      C        D        1        4        
524      C        D        1        4        
525      C        D        1        4        
526      D        D        2        2        
527      D        D        2        2        
528      D        D        2        2        
529      D        D        2        2        
530      D        D        2        2        
531      D        D        2        2        
532      C        D        1        4        
533      C        D        1        4        
534      C        D        1        4        
535      C        D        1        4        
536      C        D        1        4        
537      C        D        1        4        
538      C        D        1        4        
539      D        D        2        2        
540      D        D        2        2        
541      D        D        2        2        
542      D        D        2        2        
543      D        D        2        2        
544      D        D        2        2        
545      C        D        1        4        
546      C        D        1        4        
547      C        D        1        4        
548      C        D        1        4        
549      C        D        1        4        
550      C        D        1        4        
551      C        D        1        4        
552      D        D        2        2        
553      D        D        2        2        
554      D        D        2        2        
555      C        D        1        4        
556      C        D        1        4        
557      C        D        1        4        
558      C        D        1        4        
559      C        D        1        4        
560      D        D        2        2        
561      D        D        2        2        
562      D        D        2        2        
563      D        D        2        2        
564      D        D        2        2        
565      D        D        2        2        
566      C        D        1        4        
567      C        D        1        4        
568      C        D        1        4        
569      C        D        1        4        
570      C        D        1        4        
571      C        D        1        4        
572      C        D        1        4        
573      D        D        2        2        
574      D        D        2        2        
575      D        D        2        2        
576      D        D        2        2        
577      D        D        2        2        
578      D        D        2        2        
579      C        D        1        4        
580      C        D        1        4        
581      C        D        1        4        
582      C        D        1        4        
583      C        D        1        4        
584      C        D        1        4        
585      C        D        1        4        
586      D        D        2        2        
587      D        D        2        2        
588      D        D        2        2        
589      D        D        2        2        
590      D        D        2        2        
591      D        D        2        2        
592      C        D        1        4        
593      C        D        1        4        
594      C        D        1        4        
595      C        D        1        4        
596      C        D        1        4        
597      C        D        1        4        
598      C        D        1        4        
599      D        D        2        2        
600      D        D        2        2        
601      D        D        2        2        
602      D        D        2        2        
603      D        D        2        2        
604      D        D        2        2        
605      C        D        1        4        
606      C        D        1        4        
607      C        D        1        4        
608      C        D        1        4        
609      C        D        1        4        
610      C        D        1        4        
611      C        D        1        4        
612      D        D        2        2        
613      D        D        2        2        
614      D        D        2        2        
615      D        D        2        2        
616      D        D        2        2        
617      D        D        2        2        
618      C        D        1        4        
619      C        D        1        4        
620      C        D        1        4        
621      C        D        1        4        
622      C        D        1        4        
623      C        D        1        4        
624      D        D        2        2        
625      D        D        2        2        
626      D        D        2        2        
627      D        D        2        2        
628      D        D        2        2        
629      D        D        2        2        
630      D        D        2        2        
631      C        D        1        4        
632      C        D        1        4        
633      C        D        1        4        
634      C        D        1        4        
635      C        D        1        4        
636      C        D        1        4        
637      C        D        1        4        
638      D        D        2        2        
639      D        D        2        2        
640      D        D        2        2        
641      D        D        2        2        
642      D        D        2        2        
643      D        D        2        2        
644      C        D        1        4        
645      C        D        1        4        
646      C        D        1        4        
647      C        D        1        4        
648      C        D        1        4        
649      C        D        1        4        
650      D        D        2        2        
651      D        D        2        2        
652      D        D        2        2        
653      D        D        2        2        
654      D        D        2        2        
655      D        D        2        2        
656      D        D        2        2        
657      C        D        1        4        
658      C        D        1        4        
659      C        D        1        4        
660      C        D        1        4        
661      C        D        1        4        
662      C        D        1        4        
663      D        D        2        2        
664      D        D        2        2        
665      D        D        2        2        
666      D        D        2        2        
667      D        D        2        2        
668      D        D        2        2        
669      D        D        2        2        
670      C        D        1        4        
671      C        D        1        4        
672      C        D        1        4        
673      C        D        1        4        
674      C        D        1        4        
675      C        D        1        4        
676      D        D        2        2        
677      D        D        2        2        
678      D        D        2        2        
679      D        D        2        2        
680      D        D        2        2        
681      D        D        2        2        
682      D        D        2        2        
683      C        D        1        4        
684      C        D        1        4        
685      C        D        1        4        
686      C        D        1        4        
687      C        D        1        4        
688      C        D        1        4        
689      D        D        2        2        
690      D        D        2        2        
691      D        D        2        2        
692      D        D        2        2        
693      D        D        2        2        
694      D        D        2        2        
695      C        D        1        4        
696      C        D        1        4        
697      C        D        1        4        
698      C        D        1        4        
699      C        D        1        4        
700      C        D        1        4        
701      C        D        1        4        
702      D        D        2        2        
703      D        D        2        2        
704      D        D        2        2        
705      D        D        2        2        
706      D        D        2        2        
707      D        D        2        2        
708      C        D        1        4        
709      C        D        1        4        
710      C        D        1        4        
711      C        D        1        4        
712      C        D        1        4        
713      C        D        1        4        
714      C        D        1        4        
715      D        D        2        2        
716      D        D        2        2        
717      D        D        2        2        
718      D        D        2        2        
719      D        D        2        2        
720      D        D        2        2        
721      C        D        1        4        
722      C        D        1        4        
723      C        D        1        4        
724      C        D        1        4        
725      C        D        1        4        
726      C        D        1        4        
727      C        D        1        4        
728      D        D        2        2        
729      D        D        2        2        
730      D        D        2        2        
731      D        D        2        2        
732      D        D        2        2        
733      D        D        2        2        
734      C        D        1        4        
735      C        D        1        4        
736      C        D        1        4        
737      C        D        1        4        
738      C        D        1        4        
739      C        D        1        4        
740      D        D        2        2        
741      D        D        2        2        
742      D        D        2        2        
743      D        D        2        2        
744      D        D        2        2        
745      D        D        2        2        
746      D        D        2        2        
747      C        D        1        4        
748      C        D        1        4        
749      C        D        1        4        
750      C        D        1        4        
751      C        D        1        4        
752      C        D        1        4        
753      D        D        2        2        
754      D        D        2        2        
755      D        D        2        2        
756      D        D        2        2        
757      D        D        2        2        
758      D        D        2        2        
759      D        D        2        2        
760      C        D        1        4        
761      C        D        1        4        
762      C        D        1        4        
763      C        D        1        4        
764      C        D        1        4        
765      C        D        1        4        
766      D        D        2        2        
767      D        D        2        2        
768      D        D        2        2        
769      D        D        2        2        
770      D        D        2        2        
771      D        D        2        2        
772      D        D        2        2        
773      C        D        1        4        
774      C        D        1        4        
775      C        D        1        4        
776      C        D        1        4        
777      C        D        1        4        
778      C        D        1        4        
779      D        D        2        2        
780      D        D        2        2        
781      D        D        2        2        
782      D        D        2        2        
783      D        D        2        2        
784      D        D        2        2        
785      D        D        2        2        
786      C        D        1        4        
787      C        D        1        4        
788      C        D        1        4        
789      C        D        1        4        
790      C        D        1        4        
791      C        D        1        4        
792      D        D        2        2        
793      D        D        2        2        
794      D        D        2        2        
795      D        D        2        2        
796      D        D        2        2        
797      D        D        2        2        
798      C        D        1        4        
799      C        D        1        4        
800      C        D        1        4        
801      C        D        1        4        
802      C        D        1        4        
803      C        D        1        4        
804      C        D        1        4        
805      D        D        2        2        
806      D        D        2        2        
807      D        D        2        2        
808      D        D        2        2        
809      D        D        2        2        
810      D        D        2        2        
811      C        D        1        4        
812      C        D        1        4        
813      C        D        1        4        
814      C        D        1        4        
815      C        D        1        4        
816      C        D        1        4        
817      C        D        1        4        
818      D        D        2        2        
819      D        D        2        2        
820      D        D        2        2        
821      D        D        2        2        
822      D        D        2        2        
823      D        D        2        2        
824      C        D        1        4        
825      C        D        1        4        
826      C        D        1        4        
827      C        D        1        4        
828      C        D        1        4        
829      C        D        1        4        
830      C        D        1        4        
831      D        D        2        2        
832      D        D        2        2        
833      D        D        2        2        
834      D        D        2        2        
835      D        D        2        2        
836      D        D        2        2        
837      C        D        1        4        
838      C        D        1        4        
839      C        D        1        4        
840      C        D        1        4        
841      C        D        1        4        
842      C        D        1        4        
843      C        D        1        4        
844      D        D        2        2        
845      D        D        2        2        
846      D        D        2        2        
847      D        D        2        2        
848      D        D        2        2        
849      D        D        2        2        
850      C        D        1        4        
851      C        D        1        4        
852      C        D        1        4        
853      C        D        1        4        
854      C        D        1        4        
855      C        D        1        4        
856      C        D        1        4        
857      D        D        2        2        
858      D        D        2        2        
859      D        D        2        2        
860      D        D        2        2        
861      D        D        2        2        
862      D        D        2        2        
863      C        D        1        4        
864      C        D        1        4        
865      C        D        1        4        
866      C        D        1        4        
867      C        D        1        4        
868      C        D        1        4        
869      C        D        1        4        
870      D        D        2        2        
871      D        D        2        2        
872      D        D        2        2        
873      D        D        2        2        
874      D        D        2        2        
875      D        D        2        2        
876      C        D        1        4        
877      C        D        1        4        
878      C        D        1        4        
879      C        D        1        4        
880      C        D        1        4        
881      C        D        1        4        
882      D        D        2        2        
883      D        D        2        2        
884      D        D        2        2        
885      D        D        2        2        
886      D        D        2        2        
887      D        D        2        2        
888      D        D        2        2        
889      C        D        1        4        
890      C        D        1        4        
891      C        D        1        4        
892      C        D        1        4        
893      C        D        1        4        
894      C        D        1        4        
895      D        D        2        2        
896      D        D        2        2        
897      D        D        2        2        
898      D        D        2        2        
899      D        D        2        2        
900      D        D        2        2        
901      D        D        2        2        
902      C        D        1        4        
903      C        D        1        4        
904      C        D        1        4        
905      C        D        1        4        
906      C        D        1        4        
907      C        D        1        4        
908      D        D        2        2        
909      D        D        2        2        
910      D        D        2        2        
911      D        D        2        2        
912      D        D        2        2        
913      D        D        2        2        
914      C        D        1        4        
915      C        D        1        4        
916      C        D        1        4        
917      C        D        1        4        
918      C        D        1        4        
919      C        D        1        4        
920      C        D        1        4        
921      D        D        2        2        
922      D        D        2        2        
923      D        D        2        2        
924      D        D        2        2        
925      D        D        2        2        
926      D        D        2        2        
927      C        D        1        4        
928      C        D        1        4        
929      C        D        1        4        
930      C        D        1        4        
931      C        D        1        4        
932      C        D        1        4        
933      C        D        1        4        
934      D        D        2        2        
935      D        D        2        2        
936      D        D        2        2        
937      D        D        2        2        
938      D        D        2        2        
939      D        D        2        2        
940      C        D        1        4        
941      C        D        1        4        
942      C        D        1        4        
943      C        D        1        4        
944      C        D        1        4        
945      C        D        1        4        
946      C        D        1        4        
947      D        D        2        2        
948      D        D        2        2        
949      D        D        2        2        
950      D        D        2        2        
951      D        D        2        2        
952      D        D        2        2        
953      C        D        1        4        
954      C        D        1        4        
955      C        D        1        4        
956      C        D        1        4        
957      C        D        1        4        
958      C        D        1        4        
959      C        D        1        4        
960      D        D        2        2        
961      D        D        2        2        
962      D        D        2        2        
963      D        D        2        2        
964      D        D        2        2        
965      D        D        2        2        
966      C        D        1        4        
967      C        D        1        4        
968      C        D        1        4        
969      C        D        1        4        
970      C        D        1        4        
971      C        D        1        4        
972      C        D        1        4        
973      D        D        2        2        
974      D        D        2        2        
975      D        D        2        2        
976      D        D        2        2        
977      D        D        2        2        
978      D        D        2        2        
979      C        D        1        4        
980      C        D        1        4        
981      C        D        1        4        
982      C        D        1        4        
983      C        D        1        4        
984      C        D        1        4        
985      D        D        2        2        
986      D        D        2        2        
987      D        D        2        2        
988      D        D        2        2        
989      D        D        2        2        
990      D        D        2        2        
991      D        D        2        2        
992      C        D        1        4        
993      C        D        1        4        
994      C        D        1        4        
995      C        D        1        4        
996      C        D        1        4        
997      C        D        1        4        
998      D        D        2        2        
999      D        D        2        2        
1000     C        D        1        4        
---------------------------------------------
                           1485     3030     
