

ROUND 1 - Mr. Nice Guy (P1) vs. SAY WHAT AGAIN! (P2)

Game     P1 Dec   P2 Dec   P1 Score P2 Score 
---------------------------------------------
1        C        D        1        4        
2        C        D        1        4        
3        C        D        1        4        
4        C        D        1        4        
5        C        D        1        4        
6        C        D        1        4        
7        C        D        1        4        
8        C        D        1        4        
9        C        D        1        4        
10       C        D        1        4        
11       C        D        1        4        
12       C        D        1        4        
13       C        D        1        4        
14       C        D        1        4        
15       C        D        1        4        
16       C        D        1        4        
17       C        D        1        4        
18       C        D        1        4        
19       C        D        1        4        
20       C        D        1        4        
21       C        D        1        4        
22       C        D        1        4        
23       C        D        1        4        
24       C        D        1        4        
25       C        D        1        4        
26       C        D        1        4        
27       C        D        1        4        
28       C        D        1        4        
29       C        D        1        4        
30       C        D        1        4        
31       C        D        1        4        
32       C        D        1        4        
33       C        D        1        4        
34       C        D        1        4        
35       C        D        1        4        
36       C        D        1        4        
37       C        D        1        4        
38       C        D        1        4        
39       C        D        1        4        
40       C        D        1        4        
41       C        D        1        4        
42       C        D        1        4        
43       C        D        1        4        
44       C        D        1        4        
45       C        D        1        4        
46       C        D        1        4        
47       C        D        1        4        
48       C        D        1        4        
49       C        D        1        4        
50       C        D        1        4        
51       C        D        1        4        
52       C        D        1        4        
53       C        D        1        4        
54       C        D        1        4        
55       C        D        1        4        
56       C        D        1        4        
57       C        D        1        4        
58       C        D        1        4        
59       C        D        1        4        
60       C        D        1        4        
61       C        D        1        4        
62       C        D        1        4        
63       C        D        1        4        
64       C        D        1        4        
65       C        D        1        4        
66       C        D        1        4        
67       C        D        1        4        
68       C        D        1        4        
69       C        D        1        4        
70       C        D        1        4        
71       C        D        1        4        
72       C        D        1        4        
73       C        D        1        4        
74       C        D        1        4        
75       C        D        1        4        
76       C        D        1        4        
77       C        D        1        4        
78       C        D        1        4        
79       C        D        1        4        
80       C        D        1        4        
81       C        D        1        4        
82       C        D        1        4        
83       C        D        1        4        
84       C        D        1        4        
85       C        D        1        4        
86       C        D        1        4        
87       C        D        1        4        
88       C        D        1        4        
89       C        D        1        4        
90       C        D        1        4        
91       C        D        1        4        
92       C        D        1        4        
93       C        D        1        4        
94       C        D        1        4        
95       C        D        1        4        
96       C        D        1        4        
97       C        D        1        4        
98       C        D        1        4        
99       C        D        1        4        
100      C        D        1        4        
---------------------------------------------
                           100      400      


ROUND 1 - Joe Evil (P1) vs. SAY WHAT AGAIN! (P2)

Game     P1 Dec   P2 Dec   P1 Score P2 Score 
---------------------------------------------
1        D        D        2        2        
2        D        D        2        2        
3        D        D        2        2        
4        D        D        2        2        
5        D        D        2        2        
6        D        D        2        2        
7        D        D        2        2        
8        D        D        2        2        
9        D        D        2        2        
10       D        D        2        2        
11       D        D        2        2        
12       D        D        2        2        
13       D        D        2        2        
14       D        D        2        2        
15       D        D        2        2        
16       D        D        2        2        
17       D        D        2        2        
18       D        D        2        2        
19       D        D        2        2        
20       D        D        2        2        
21       D        D        2        2        
22       D        D        2        2        
23       D        D        2        2        
24       D        D        2        2        
25       D        D        2        2        
26       D        D        2        2        
27       D        D        2        2        
28       D        D        2        2        
29       D        D        2        2        
30       D        D        2        2        
31       D        D        2        2        
32       D        D        2        2        
33       D        D        2        2        
34       D        D        2        2        
35       D        D        2        2        
36       D        D        2        2        
37       D        D        2        2        
38       D        D        2        2        
39       D        D        2        2        
40       D        D        2        2        
41       D        D        2        2        
42       D        D        2        2        
43       D        D        2        2        
44       D        D        2        2        
45       D        D        2        2        
46       D        D        2        2        
47       D        D        2        2        
48       D        D        2        2        
49       D        D        2        2        
50       D        D        2        2        
51       D        D        2        2        
52       D        D        2        2        
53       D        D        2        2        
54       D        D        2        2        
55       D        D        2        2        
56       D        D        2        2        
57       D        D        2        2        
58       D        D        2        2        
59       D        D        2        2        
60       D        D        2        2        
61       D        D        2        2        
62       D        D        2        2        
63       D        D        2        2        
64       D        D        2        2        
65       D        D        2        2        
66       D        D        2        2        
67       D        D        2        2        
68       D        D        2        2        
69       D        D        2        2        
70       D        D        2        2        
71       D        D        2        2        
72       D        D        2        2        
73       D        D        2        2        
74       D        D        2        2        
75       D        D        2        2        
76       D        D        2        2        
77       D        D        2        2        
78       D        D        2        2        
79       D        D        2        2        
80       D        D        2        2        
81       D        D        2        2        
82       D        D        2        2        
83       D        D        2        2        
84       D        D        2        2        
85       D        D        2        2        
86       D        D        2        2        
87       D        D        2        2        
88       D        D        2        2        
89       D        D        2        2        
90       D        D        2        2        
91       D        D        2        2        
92       D        D        2        2        
93       D        D        2        2        
94       D        D        2        2        
95       D        D        2        2        
96       D        D        2        2        
97       D        D        2        2        
98       D        D        2        2        
99       D        D        2        2        
100      D        D        2        2        
---------------------------------------------
                           200      200      


ROUND 1 - Rupert Random (P1) vs. SAY WHAT AGAIN! (P2)

Game     P1 Dec   P2 Dec   P1 Score P2 Score 
---------------------------------------------
1        D        D        2        2        
2        C        D        1        4        
3        C        D        1        4        
4        C        D        1        4        
5        D        D        2        2        
6        D        D        2        2        
7        D        D        2        2        
8        C        D        1        4        
9        C        D        1        4        
10       C        D        1        4        
11       D        D        2        2        
12       D        D        2        2        
13       D        D        2        2        
14       C        D        1        4        
15       C        D        1        4        
16       C        D        1        4        
17       C        D        1        4        
18       D        D        2        2        
19       D        D        2        2        
20       C        D        1        4        
21       C        D        1        4        
22       C        D        1        4        
23       D        D        2        2        
24       D        D        2        2        
25       C        D        1        4        
26       C        D        1        4        
27       C        D        1        4        
28       D        D        2        2        
29       D        D        2        2        
30       D        D        2        2        
31       C        D        1        4        
32       C        D        1        4        
33       D        D        2        2        
34       D        D        2        2        
35       D        D        2        2        
36       C        D        1        4        
37       C        D        1        4        
38       D        D        2        2        
39       D        D        2        2        
40       D        D        2        2        
41       C        D        1        4        
42       C        D        1        4        
43       D        D        2        2        
44       D        D        2        2        
45       D        D        2        2        
46       C        D        1        4        
47       D        D        2        2        
48       C        D        1        4        
49       C        D        1        4        
50       C        D        1        4        
51       D        D        2        2        
52       D        D        2        2        
53       C        D        1        4        
54       C        D        1        4        
55       C        D        1        4        
56       D        D        2        2        
57       C        D        1        4        
58       D        D        2        2        
59       C        D        1        4        
60       D        D        2        2        
61       C        D        1        4        
62       C        D        1        4        
63       D        D        2        2        
64       D        D        2        2        
65       D        D        2        2        
66       C        D        1        4        
67       C        D        1        4        
68       D        D        2        2        
69       D        D        2        2        
70       D        D        2        2        
71       C        D        1        4        
72       C        D        1        4        
73       C        D        1        4        
74       D        D        2        2        
75       D        D        2        2        
76       C        D        1        4        
77       C        D        1        4        
78       C        D        1        4        
79       D        D        2        2        
80       D        D        2        2        
81       C        D        1        4        
82       C        D        1        4        
83       C        D        1        4        
84       D        D        2        2        
85       D        D        2        2        
86       C        D        1        4        
87       D        D        2        2        
88       D        D        2        2        
89       D        D        2        2        
90       C        D        1        4        
91       C        D        1        4        
92       D        D        2        2        
93       D        D        2        2        
94       C        D        1        4        
95       C        D        1        4        
96       D        D        2        2        
97       D        D        2        2        
98       D        D        2        2        
99       C        D        1        4        
100      C        D        1        4        
---------------------------------------------
                           149      302      


ROUND 1 - Bob Backstabber (P1) vs. SAY WHAT AGAIN! (P2)

Game     P1 Dec   P2 Dec   P1 Score P2 Score 
---------------------------------------------
1        C        D        1        4        
2        C        D        1        4        
3        C        D        1        4        
4        C        D        1        4        
5        D        D        2        2        
6        C        D        1        4        
7        C        D        1        4        
8        C        D        1        4        
9        C        D        1        4        
10       D        D        2        2        
11       C        D        1        4        
12       C        D        1        4        
13       C        D        1        4        
14       C        D        1        4        
15       D        D        2        2        
16       C        D        1        4        
17       C        D        1        4        
18       C        D        1        4        
19       C        D        1        4        
20       D        D        2        2        
21       C        D        1        4        
22       C        D        1        4        
23       C        D        1        4        
24       C        D        1        4        
25       D        D        2        2        
26       C        D        1        4        
27       C        D        1        4        
28       C        D        1        4        
29       C        D        1        4        
30       D        D        2        2        
31       C        D        1        4        
32       C        D        1        4        
33       C        D        1        4        
34       C        D        1        4        
35       D        D        2        2        
36       C        D        1        4        
37       C        D        1        4        
38       C        D        1        4        
39       C        D        1        4        
40       D        D        2        2        
41       C        D        1        4        
42       C        D        1        4        
43       C        D        1        4        
44       C        D        1        4        
45       D        D        2        2        
46       C        D        1        4        
47       C        D        1        4        
48       C        D        1        4        
49       C        D        1        4        
50       D        D        2        2        
51       C        D        1        4        
52       C        D        1        4        
53       C        D        1        4        
54       C        D        1        4        
55       D        D        2        2        
56       C        D        1        4        
57       C        D        1        4        
58       C        D        1        4        
59       C        D        1        4        
60       D        D        2        2        
61       C        D        1        4        
62       C        D        1        4        
63       C        D        1        4        
64       C        D        1        4        
65       D        D        2        2        
66       C        D        1        4        
67       C        D        1        4        
68       C        D        1        4        
69       C        D        1        4        
70       D        D        2        2        
71       C        D        1        4        
72       C        D        1        4        
73       C        D        1        4        
74       C        D        1        4        
75       D        D        2        2        
76       C        D        1        4        
77       C        D        1        4        
78       C        D        1        4        
79       C        D        1        4        
80       D        D        2        2        
81       C        D        1        4        
82       C        D        1        4        
83       C        D        1        4        
84       C        D        1        4        
85       D        D        2        2        
86       C        D        1        4        
87       C        D        1        4        
88       C        D        1        4        
89       C        D        1        4        
90       D        D        2        2        
91       C        D        1        4        
92       C        D        1        4        
93       C        D        1        4        
94       C        D        1        4        
95       D        D        2        2        
96       C        D        1        4        
97       C        D        1        4        
98       C        D        1        4        
99       C        D        1        4        
100      D        D        2        2        
---------------------------------------------
                           120      360      


ROUND 1 - Frank Dux (P1) vs. SAY WHAT AGAIN! (P2)

Game     P1 Dec   P2 Dec   P1 Score P2 Score 
---------------------------------------------
1        C        D        1        4        
2        D        D        2        2        
3        D        D        2        2        
4        D        D        2        2        
5        D        D        2        2        
6        D        D        2        2        
7        D        D        2        2        
8        D        D        2        2        
9        D        D        2        2        
10       D        D        2        2        
11       D        D        2        2        
12       D        D        2        2        
13       D        D        2        2        
14       D        D        2        2        
15       D        D        2        2        
16       D        D        2        2        
17       D        D        2        2        
18       D        D        2        2        
19       D        D        2        2        
20       D        D        2        2        
21       D        D        2        2        
22       D        D        2        2        
23       D        D        2        2        
24       D        D        2        2        
25       D        D        2        2        
26       D        D        2        2        
27       D        D        2        2        
28       D        D        2        2        
29       D        D        2        2        
30       D        D        2        2        
31       D        D        2        2        
32       D        D        2        2        
33       D        D        2        2        
34       D        D        2        2        
35       D        D        2        2        
36       D        D        2        2        
37       D        D        2        2        
38       D        D        2        2        
39       D        D        2        2        
40       D        D        2        2        
41       D        D        2        2        
42       D        D        2        2        
43       D        D        2        2        
44       D        D        2        2        
45       D        D        2        2        
46       D        D        2        2        
47       D        D        2        2        
48       D        D        2        2        
49       D        D        2        2        
50       D        D        2        2        
51       D        D        2        2        
52       D        D        2        2        
53       D        D        2        2        
54       D        D        2        2        
55       D        D        2        2        
56       D        D        2        2        
57       D        D        2        2        
58       D        D        2        2        
59       D        D        2        2        
60       D        D        2        2        
61       D        D        2        2        
62       D        D        2        2        
63       D        D        2        2        
64       D        D        2        2        
65       D        D        2        2        
66       D        D        2        2        
67       D        D        2        2        
68       D        D        2        2        
69       D        D        2        2        
70       D        D        2        2        
71       D        D        2        2        
72       D        D        2        2        
73       D        D        2        2        
74       D        D        2        2        
75       D        D        2        2        
76       D        D        2        2        
77       D        D        2        2        
78       D        D        2        2        
79       D        D        2        2        
80       D        D        2        2        
81       D        D        2        2        
82       D        D        2        2        
83       D        D        2        2        
84       D        D        2        2        
85       D        D        2        2        
86       D        D        2        2        
87       D        D        2        2        
88       D        D        2        2        
89       D        D        2        2        
90       D        D        2        2        
91       D        D        2        2        
92       D        D        2        2        
93       D        D        2        2        
94       D        D        2        2        
95       D        D        2        2        
96       D        D        2        2        
97       D        D        2        2        
98       D        D        2        2        
99       D        D        2        2        
100      D        D        2        2        
---------------------------------------------
                           199      202      


ROUND 1 - Adamo (P1) vs. SAY WHAT AGAIN! (P2)

Game     P1 Dec   P2 Dec   P1 Score P2 Score 
---------------------------------------------
1        D        D        2        2        
2        D        D        2        2        
3        D        D        2        2        
4        D        D        2        2        
5        D        D        2        2        
6        D        D        2        2        
7        D        D        2        2        
8        D        D        2        2        
9        D        D        2        2        
10       D        D        2        2        
11       D        D        2        2        
12       D        D        2        2        
13       D        D        2        2        
14       D        D        2        2        
15       D        D        2        2        
16       D        D        2        2        
17       D        D        2        2        
18       D        D        2        2        
19       D        D        2        2        
20       D        D        2        2        
21       D        D        2        2        
22       D        D        2        2        
23       D        D        2        2        
24       D        D        2        2        
25       D        D        2        2        
26       D        D        2        2        
27       D        D        2        2        
28       D        D        2        2        
29       D        D        2        2        
30       D        D        2        2        
31       D        D        2        2        
32       D        D        2        2        
33       D        D        2        2        
34       D        D        2        2        
35       D        D        2        2        
36       D        D        2        2        
37       D        D        2        2        
38       D        D        2        2        
39       D        D        2        2        
40       D        D        2        2        
41       D        D        2        2        
42       D        D        2        2        
43       D        D        2        2        
44       D        D        2        2        
45       D        D        2        2        
46       D        D        2        2        
47       D        D        2        2        
48       D        D        2        2        
49       D        D        2        2        
50       D        D        2        2        
51       D        D        2        2        
52       D        D        2        2        
53       D        D        2        2        
54       D        D        2        2        
55       D        D        2        2        
56       D        D        2        2        
57       D        D        2        2        
58       D        D        2        2        
59       D        D        2        2        
60       D        D        2        2        
61       D        D        2        2        
62       D        D        2        2        
63       D        D        2        2        
64       D        D        2        2        
65       D        D        2        2        
66       D        D        2        2        
67       D        D        2        2        
68       D        D        2        2        
69       D        D        2        2        
70       D        D        2        2        
71       D        D        2        2        
72       D        D        2        2        
73       D        D        2        2        
74       D        D        2        2        
75       D        D        2        2        
76       D        D        2        2        
77       D        D        2        2        
78       D        D        2        2        
79       D        D        2        2        
80       D        D        2        2        
81       D        D        2        2        
82       D        D        2        2        
83       D        D        2        2        
84       D        D        2        2        
85       D        D        2        2        
86       D        D        2        2        
87       D        D        2        2        
88       D        D        2        2        
89       D        D        2        2        
90       D        D        2        2        
91       D        D        2        2        
92       D        D        2        2        
93       D        D        2        2        
94       D        D        2        2        
95       D        D        2        2        
96       D        D        2        2        
97       D        D        2        2        
98       D        D        2        2        
99       D        D        2        2        
100      D        D        2        2        
---------------------------------------------
                           200      200      


ROUND 1 - SAY WHAT AGAIN! (P1) vs. SummaNoid 3000 (P2)

Game     P1 Dec   P2 Dec   P1 Score P2 Score 
---------------------------------------------
1        D        C        4        1        
2        D        D        2        2        
3        D        D        2        2        
4        D        D        2        2        
5        D        D        2        2        
6        D        D        2        2        
7        D        D        2        2        
8        D        D        2        2        
9        D        D        2        2        
10       D        D        2        2        
11       D        D        2        2        
12       D        D        2        2        
13       D        D        2        2        
14       D        D        2        2        
15       D        D        2        2        
16       D        D        2        2        
17       D        D        2        2        
18       D        D        2        2        
19       D        D        2        2        
20       D        D        2        2        
21       D        D        2        2        
22       D        D        2        2        
23       D        D        2        2        
24       D        D        2        2        
25       D        D        2        2        
26       D        D        2        2        
27       D        D        2        2        
28       D        D        2        2        
29       D        D        2        2        
30       D        D        2        2        
31       D        D        2        2        
32       D        D        2        2        
33       D        D        2        2        
34       D        D        2        2        
35       D        D        2        2        
36       D        D        2        2        
37       D        D        2        2        
38       D        D        2        2        
39       D        D        2        2        
40       D        D        2        2        
41       D        D        2        2        
42       D        D        2        2        
43       D        D        2        2        
44       D        D        2        2        
45       D        D        2        2        
46       D        D        2        2        
47       D        D        2        2        
48       D        D        2        2        
49       D        D        2        2        
50       D        D        2        2        
51       D        D        2        2        
52       D        D        2        2        
53       D        D        2        2        
54       D        D        2        2        
55       D        D        2        2        
56       D        D        2        2        
57       D        D        2        2        
58       D        D        2        2        
59       D        D        2        2        
60       D        D        2        2        
61       D        D        2        2        
62       D        D        2        2        
63       D        D        2        2        
64       D        D        2        2        
65       D        D        2        2        
66       D        D        2        2        
67       D        D        2        2        
68       D        D        2        2        
69       D        D        2        2        
70       D        D        2        2        
71       D        D        2        2        
72       D        D        2        2        
73       D        D        2        2        
74       D        D        2        2        
75       D        D        2        2        
76       D        D        2        2        
77       D        D        2        2        
78       D        D        2        2        
79       D        D        2        2        
80       D        D        2        2        
81       D        D        2        2        
82       D        D        2        2        
83       D        D        2        2        
84       D        D        2        2        
85       D        D        2        2        
86       D        D        2        2        
87       D        D        2        2        
88       D        D        2        2        
89       D        D        2        2        
90       D        D        2        2        
91       D        D        2        2        
92       D        D        2        2        
93       D        D        2        2        
94       D        D        2        2        
95       D        D        2        2        
96       D        D        2        2        
97       D        D        2        2        
98       D        D        2        2        
99       D        D        2        2        
100      D        D        2        2        
---------------------------------------------
                           202      199      


ROUND 1 - SAY WHAT AGAIN! (P1) vs. El Santo (P2)

Game     P1 Dec   P2 Dec   P1 Score P2 Score 
---------------------------------------------
1        D        D        2        2        
2        D        D        2        2        
3        D        D        2        2        
4        D        D        2        2        
5        D        D        2        2        
6        D        D        2        2        
7        D        D        2        2        
8        D        D        2        2        
9        D        D        2        2        
10       D        D        2        2        
11       D        D        2        2        
12       D        D        2        2        
13       D        D        2        2        
14       D        D        2        2        
15       D        D        2        2        
16       D        D        2        2        
17       D        D        2        2        
18       D        D        2        2        
19       D        D        2        2        
20       D        D        2        2        
21       D        D        2        2        
22       D        D        2        2        
23       D        D        2        2        
24       D        D        2        2        
25       D        D        2        2        
26       D        D        2        2        
27       D        D        2        2        
28       D        D        2        2        
29       D        D        2        2        
30       D        D        2        2        
31       D        D        2        2        
32       D        D        2        2        
33       D        D        2        2        
34       D        D        2        2        
35       D        D        2        2        
36       D        D        2        2        
37       D        D        2        2        
38       D        D        2        2        
39       D        D        2        2        
40       D        D        2        2        
41       D        D        2        2        
42       D        D        2        2        
43       D        D        2        2        
44       D        D        2        2        
45       D        D        2        2        
46       D        D        2        2        
47       D        D        2        2        
48       D        D        2        2        
49       D        D        2        2        
50       D        D        2        2        
51       D        D        2        2        
52       D        D        2        2        
53       D        D        2        2        
54       D        D        2        2        
55       D        D        2        2        
56       D        D        2        2        
57       D        D        2        2        
58       D        D        2        2        
59       D        D        2        2        
60       D        D        2        2        
61       D        D        2        2        
62       D        D        2        2        
63       D        D        2        2        
64       D        D        2        2        
65       D        D        2        2        
66       D        D        2        2        
67       D        D        2        2        
68       D        D        2        2        
69       D        D        2        2        
70       D        D        2        2        
71       D        D        2        2        
72       D        D        2        2        
73       D        D        2        2        
74       D        D        2        2        
75       D        D        2        2        
76       D        D        2        2        
77       D        D        2        2        
78       D        D        2        2        
79       D        D        2        2        
80       D        D        2        2        
81       D        D        2        2        
82       D        D        2        2        
83       D        D        2        2        
84       D        D        2        2        
85       D        D        2        2        
86       D        D        2        2        
87       D        D        2        2        
88       D        D        2        2        
89       D        D        2        2        
90       D        D        2        2        
91       D        D        2        2        
92       D        D        2        2        
93       D        D        2        2        
94       D        D        2        2        
95       D        D        2        2        
96       D        D        2        2        
97       D        D        2        2        
98       D        D        2        2        
99       D        D        2        2        
100      D        D        2        2        
---------------------------------------------
                           200      200      


ROUND 1 - SAY WHAT AGAIN! (P1) vs. SpaghettiCoder (P2)

Game     P1 Dec   P2 Dec   P1 Score P2 Score 
---------------------------------------------
1        D        D        2        2        
2        D        D        2        2        
3        D        D        2        2        
4        D        D        2        2        
5        D        D        2        2        
6        D        D        2        2        
7        D        D        2        2        
8        D        D        2        2        
9        D        D        2        2        
10       D        D        2        2        
11       D        D        2        2        
12       D        D        2        2        
13       D        D        2        2        
14       D        D        2        2        
15       D        D        2        2        
16       D        D        2        2        
17       D        D        2        2        
18       D        D        2        2        
19       D        D        2        2        
20       D        D        2        2        
21       D        D        2        2        
22       D        D        2        2        
23       D        D        2        2        
24       D        D        2        2        
25       D        D        2        2        
26       D        D        2        2        
27       D        D        2        2        
28       D        D        2        2        
29       D        D        2        2        
30       D        D        2        2        
31       D        D        2        2        
32       D        D        2        2        
33       D        D        2        2        
34       D        D        2        2        
35       D        D        2        2        
36       D        D        2        2        
37       D        D        2        2        
38       D        D        2        2        
39       D        D        2        2        
40       D        D        2        2        
41       D        D        2        2        
42       D        D        2        2        
43       D        D        2        2        
44       D        D        2        2        
45       D        D        2        2        
46       D        D        2        2        
47       D        D        2        2        
48       D        D        2        2        
49       D        D        2        2        
50       D        D        2        2        
51       D        D        2        2        
52       D        D        2        2        
53       D        D        2        2        
54       D        D        2        2        
55       D        D        2        2        
56       D        D        2        2        
57       D        D        2        2        
58       D        D        2        2        
59       D        D        2        2        
60       D        D        2        2        
61       D        D        2        2        
62       D        D        2        2        
63       D        D        2        2        
64       D        D        2        2        
65       D        D        2        2        
66       D        D        2        2        
67       D        D        2        2        
68       D        D        2        2        
69       D        D        2        2        
70       D        D        2        2        
71       D        D        2        2        
72       D        D        2        2        
73       D        D        2        2        
74       D        D        2        2        
75       D        D        2        2        
76       D        D        2        2        
77       D        D        2        2        
78       D        D        2        2        
79       D        D        2        2        
80       D        D        2        2        
81       D        D        2        2        
82       D        D        2        2        
83       D        D        2        2        
84       D        D        2        2        
85       D        D        2        2        
86       D        D        2        2        
87       D        D        2        2        
88       D        D        2        2        
89       D        D        2        2        
90       D        D        2        2        
91       D        D        2        2        
92       D        D        2        2        
93       D        D        2        2        
94       D        D        2        2        
95       D        D        2        2        
96       D        D        2        2        
97       D        D        2        2        
98       D        D        2        2        
99       D        D        2        2        
100      D        D        2        2        
---------------------------------------------
                           200      200      


ROUND 1 - SAY WHAT AGAIN! (P1) vs. Sharbaugh (P2)

Game     P1 Dec   P2 Dec   P1 Score P2 Score 
---------------------------------------------
1        D        D        2        2        
2        D        D        2        2        
3        D        D        2        2        
4        D        D        2        2        
5        D        D        2        2        
6        D        D        2        2        
7        D        D        2        2        
8        D        D        2        2        
9        D        D        2        2        
10       D        D        2        2        
11       D        C        4        1        
12       D        C        4        1        
13       D        C        4        1        
14       D        C        4        1        
15       D        C        4        1        
16       D        C        4        1        
17       D        C        4        1        
18       D        C        4        1        
19       D        C        4        1        
20       D        C        4        1        
21       D        D        2        2        
22       D        D        2        2        
23       D        D        2        2        
24       D        D        2        2        
25       D        D        2        2        
26       D        D        2        2        
27       D        D        2        2        
28       D        D        2        2        
29       D        D        2        2        
30       D        D        2        2        
31       D        D        2        2        
32       D        D        2        2        
33       D        D        2        2        
34       D        D        2        2        
35       D        D        2        2        
36       D        D        2        2        
37       D        D        2        2        
38       D        D        2        2        
39       D        D        2        2        
40       D        D        2        2        
41       D        D        2        2        
42       D        D        2        2        
43       D        D        2        2        
44       D        D        2        2        
45       D        D        2        2        
46       D        D        2        2        
47       D        D        2        2        
48       D        D        2        2        
49       D        D        2        2        
50       D        D        2        2        
51       D        D        2        2        
52       D        D        2        2        
53       D        D        2        2        
54       D        D        2        2        
55       D        D        2        2        
56       D        D        2        2        
57       D        D        2        2        
58       D        D        2        2        
59       D        D        2        2        
60       D        D        2        2        
61       D        D        2        2        
62       D        D        2        2        
63       D        D        2        2        
64       D        D        2        2        
65       D        D        2        2        
66       D        D        2        2        
67       D        D        2        2        
68       D        D        2        2        
69       D        D        2        2        
70       D        D        2        2        
71       D        D        2        2        
72       D        D        2        2        
73       D        D        2        2        
74       D        D        2        2        
75       D        D        2        2        
76       D        D        2        2        
77       D        D        2        2        
78       D        D        2        2        
79       D        D        2        2        
80       D        D        2        2        
81       D        D        2        2        
82       D        D        2        2        
83       D        D        2        2        
84       D        D        2        2        
85       D        D        2        2        
86       D        D        2        2        
87       D        D        2        2        
88       D        D        2        2        
89       D        D        2        2        
90       D        D        2        2        
91       D        D        2        2        
92       D        D        2        2        
93       D        D        2        2        
94       D        D        2        2        
95       D        D        2        2        
96       D        D        2        2        
97       D        D        2        2        
98       D        D        2        2        
99       D        D        2        2        
100      D        D        2        2        
---------------------------------------------
                           220      190      
